{"/home/dev.itor/trybe-projetos/sd-023-b-trybe-futebol-clube/app/backend/src/app.ts":{"path":"/home/dev.itor/trybe-projetos/sd-023-b-trybe-futebol-clube/app/backend/src/app.ts","statementMap":{"0":{"start":{"line":2,"column":0},"end":{"line":2,"column":62}},"1":{"start":{"line":3,"column":0},"end":{"line":3,"column":35}},"2":{"start":{"line":4,"column":16},"end":{"line":4,"column":34}},"3":{"start":{"line":5,"column":29},"end":{"line":5,"column":67}},"4":{"start":{"line":6,"column":23},"end":{"line":6,"column":55}},"5":{"start":{"line":7,"column":25},"end":{"line":7,"column":59}},"6":{"start":{"line":8,"column":23},"end":{"line":8,"column":55}},"7":{"start":{"line":12,"column":8},"end":{"line":12,"column":29}},"8":{"start":{"line":13,"column":8},"end":{"line":13,"column":22}},"9":{"start":{"line":14,"column":8},"end":{"line":14,"column":22}},"10":{"start":{"line":16,"column":8},"end":{"line":16,"column":64}},"11":{"start":{"line":16,"column":40},"end":{"line":16,"column":62}},"12":{"start":{"line":22,"column":8},"end":{"line":22,"column":55}},"13":{"start":{"line":23,"column":8},"end":{"line":23,"column":55}},"14":{"start":{"line":24,"column":8},"end":{"line":24,"column":59}},"15":{"start":{"line":25,"column":8},"end":{"line":25,"column":67}},"16":{"start":{"line":28,"column":30},"end":{"line":33,"column":9}},"17":{"start":{"line":29,"column":12},"end":{"line":29,"column":59}},"18":{"start":{"line":30,"column":12},"end":{"line":30,"column":92}},"19":{"start":{"line":31,"column":12},"end":{"line":31,"column":60}},"20":{"start":{"line":32,"column":12},"end":{"line":32,"column":19}},"21":{"start":{"line":34,"column":8},"end":{"line":34,"column":37}},"22":{"start":{"line":35,"column":8},"end":{"line":35,"column":36}},"23":{"start":{"line":38,"column":8},"end":{"line":38,"column":76}},"24":{"start":{"line":38,"column":36},"end":{"line":38,"column":74}},"25":{"start":{"line":41,"column":0},"end":{"line":41,"column":18}},"26":{"start":{"line":43,"column":0},"end":{"line":43,"column":28}}},"fnMap":{"0":{"name":"(anonymous_0)","decl":{"start":{"line":11,"column":4},"end":{"line":11,"column":5}},"loc":{"start":{"line":11,"column":18},"end":{"line":20,"column":5}},"line":11},"1":{"name":"(anonymous_1)","decl":{"start":{"line":16,"column":26},"end":{"line":16,"column":27}},"loc":{"start":{"line":16,"column":40},"end":{"line":16,"column":62}},"line":16},"2":{"name":"(anonymous_2)","decl":{"start":{"line":21,"column":4},"end":{"line":21,"column":5}},"loc":{"start":{"line":21,"column":13},"end":{"line":26,"column":5}},"line":21},"3":{"name":"(anonymous_3)","decl":{"start":{"line":27,"column":4},"end":{"line":27,"column":5}},"loc":{"start":{"line":27,"column":13},"end":{"line":36,"column":5}},"line":27},"4":{"name":"(anonymous_4)","decl":{"start":{"line":28,"column":30},"end":{"line":28,"column":31}},"loc":{"start":{"line":28,"column":51},"end":{"line":33,"column":9}},"line":28},"5":{"name":"(anonymous_5)","decl":{"start":{"line":37,"column":4},"end":{"line":37,"column":5}},"loc":{"start":{"line":37,"column":16},"end":{"line":39,"column":5}},"line":37},"6":{"name":"(anonymous_6)","decl":{"start":{"line":38,"column":30},"end":{"line":38,"column":31}},"loc":{"start":{"line":38,"column":36},"end":{"line":38,"column":74}},"line":38}},"branchMap":{},"s":{"0":1,"1":1,"2":1,"3":1,"4":1,"5":1,"6":1,"7":1,"8":1,"9":1,"10":1,"11":0,"12":1,"13":1,"14":1,"15":1,"16":1,"17":18,"18":18,"19":18,"20":18,"21":1,"22":1,"23":0,"24":0,"25":1,"26":1},"f":{"0":1,"1":0,"2":1,"3":1,"4":18,"5":0,"6":0},"b":{},"inputSourceMap":{"version":3,"file":"/home/dev.itor/trybe-projetos/sd-023-b-trybe-futebol-clube/app/backend/src/app.ts","sources":["/home/dev.itor/trybe-projetos/sd-023-b-trybe-futebol-clube/app/backend/src/app.ts"],"names":[],"mappings":";;;AAAA,mCAAmC;AACnC,oEAA4D;AAC5D,wDAAgD;AAChD,4DAAoD;AACpD,wDAAgD;AAEhD,wDAAwD;AAExD,MAAM,GAAG;IAGP;QACE,IAAI,CAAC,GAAG,GAAG,OAAO,EAAE,CAAC;QAErB,IAAI,CAAC,MAAM,EAAE,CAAC;QACd,IAAI,CAAC,MAAM,EAAE,CAAC;QAEd,wBAAwB;QACxB,IAAI,CAAC,GAAG,CAAC,GAAG,CAAC,GAAG,EAAE,CAAC,GAAG,EAAE,GAAG,EAAE,EAAE,CAAC,GAAG,CAAC,IAAI,CAAC,EAAE,EAAE,EAAE,IAAI,EAAE,CAAC,CAAC,CAAC;QAExD,0CAA0C;QAC1C,uCAAuC;QACvC,MAAM;IACR,CAAC;IAEO,MAAM;QACZ,IAAI,CAAC,GAAG,CAAC,GAAG,CAAC,QAAQ,EAAE,sBAAW,CAAC,CAAC;QACpC,IAAI,CAAC,GAAG,CAAC,GAAG,CAAC,QAAQ,EAAE,sBAAW,CAAC,CAAC;QACpC,IAAI,CAAC,GAAG,CAAC,GAAG,CAAC,UAAU,EAAE,wBAAa,CAAC,CAAC;QACxC,IAAI,CAAC,GAAG,CAAC,GAAG,CAAC,cAAc,EAAE,4BAAiB,CAAC,CAAC;IAClD,CAAC;IAEO,MAAM;QACZ,MAAM,aAAa,GAA2B,CAAC,IAAI,EAAE,GAAG,EAAE,IAAI,EAAE,EAAE;YAChE,GAAG,CAAC,MAAM,CAAC,6BAA6B,EAAE,GAAG,CAAC,CAAC;YAC/C,GAAG,CAAC,MAAM,CAAC,8BAA8B,EAAE,mCAAmC,CAAC,CAAC;YAChF,GAAG,CAAC,MAAM,CAAC,8BAA8B,EAAE,GAAG,CAAC,CAAC;YAChD,IAAI,EAAE,CAAC;QACT,CAAC,CAAC;QAEF,IAAI,CAAC,GAAG,CAAC,GAAG,CAAC,OAAO,CAAC,IAAI,EAAE,CAAC,CAAC;QAC7B,IAAI,CAAC,GAAG,CAAC,GAAG,CAAC,aAAa,CAAC,CAAC;IAC9B,CAAC;IAEM,KAAK,CAAC,IAAqB;QAChC,IAAI,CAAC,GAAG,CAAC,MAAM,CAAC,IAAI,EAAE,GAAG,EAAE,CAAC,OAAO,CAAC,GAAG,CAAC,mBAAmB,IAAI,EAAE,CAAC,CAAC,CAAC;IACtE,CAAC;CACF;AAEQ,kBAAG;AAEZ,2FAA2F;AAC5E,WAAG,GAAK,IAAI,GAAG,EAAE,KAAC","sourcesContent":["import * as express from 'express';\nimport LeaderBoardRouter from './routes/leaderboard.routes';\nimport LoginRouter from './routes/login.routes';\nimport MatchesRouter from './routes/matches.routes';\nimport TeamsRouter from './routes/teams.routes';\n\n// import { myMockToken } from './tests/mocks/fakeData';\n\nclass App {\n  public app: express.Express;\n\n  constructor() {\n    this.app = express();\n\n    this.config();\n    this.routes();\n\n    // Não remover essa rota\n    this.app.get('/', (req, res) => res.json({ ok: true }));\n\n    // this.app.post('/login', (req, res) => {\n    //   res.status(200).json(myMockToken);\n    // });\n  }\n\n  private routes(): void {\n    this.app.use('/login', LoginRouter);\n    this.app.use('/teams', TeamsRouter);\n    this.app.use('/matches', MatchesRouter);\n    this.app.use('/leaderboard', LeaderBoardRouter);\n  }\n\n  private config():void {\n    const accessControl: express.RequestHandler = (_req, res, next) => {\n      res.header('Access-Control-Allow-Origin', '*');\n      res.header('Access-Control-Allow-Methods', 'GET,POST,DELETE,OPTIONS,PUT,PATCH');\n      res.header('Access-Control-Allow-Headers', '*');\n      next();\n    };\n\n    this.app.use(express.json());\n    this.app.use(accessControl);\n  }\n\n  public start(PORT: string | number):void {\n    this.app.listen(PORT, () => console.log(`Running on port ${PORT}`));\n  }\n}\n\nexport { App };\n\n// Essa segunda exportação é estratégica, e a execução dos testes de cobertura depende dela\nexport const { app } = new App();\n"]},"_coverageSchema":"1a1c01bbd47fc00a2c39e90264f33305004495a9","hash":"c95302a4ff77d62763e7d1d10f66d6589a76a0b3"},"/home/dev.itor/trybe-projetos/sd-023-b-trybe-futebol-clube/app/backend/src/routes/leaderboard.routes.ts":{"path":"/home/dev.itor/trybe-projetos/sd-023-b-trybe-futebol-clube/app/backend/src/routes/leaderboard.routes.ts","statementMap":{"0":{"start":{"line":2,"column":0},"end":{"line":2,"column":62}},"1":{"start":{"line":3,"column":18},"end":{"line":3,"column":36}},"2":{"start":{"line":4,"column":32},"end":{"line":4,"column":78}},"3":{"start":{"line":5,"column":26},"end":{"line":5,"column":49}},"4":{"start":{"line":6,"column":0},"end":{"line":6,"column":67}},"5":{"start":{"line":7,"column":0},"end":{"line":7,"column":72}},"6":{"start":{"line":8,"column":0},"end":{"line":8,"column":72}},"7":{"start":{"line":9,"column":0},"end":{"line":9,"column":36}}},"fnMap":{},"branchMap":{},"s":{"0":1,"1":1,"2":1,"3":1,"4":1,"5":1,"6":1,"7":1},"f":{},"b":{},"inputSourceMap":{"version":3,"file":"/home/dev.itor/trybe-projetos/sd-023-b-trybe-futebol-clube/app/backend/src/routes/leaderboard.routes.ts","sources":["/home/dev.itor/trybe-projetos/sd-023-b-trybe-futebol-clube/app/backend/src/routes/leaderboard.routes.ts"],"names":[],"mappings":";;AAAA,qCAAiC;AACjC,+EAAwE;AAExE,MAAM,iBAAiB,GAAG,IAAA,gBAAM,GAAE,CAAC;AAEnC,iBAAiB,CAAC,GAAG,CAAC,GAAG,EAAE,+BAAqB,CAAC,MAAM,CAAC,CAAC;AAEzD,iBAAiB,CAAC,GAAG,CAAC,OAAO,EAAE,+BAAqB,CAAC,OAAO,CAAC,CAAC;AAE9D,iBAAiB,CAAC,GAAG,CAAC,OAAO,EAAE,+BAAqB,CAAC,OAAO,CAAC,CAAC;AAE9D,kBAAe,iBAAiB,CAAC","sourcesContent":["import { Router } from 'express';\nimport LeaderBoardController from '../controller/leaderBoardController';\n\nconst LeaderBoardRouter = Router();\n\nLeaderBoardRouter.get('/', LeaderBoardController.getAll);\n\nLeaderBoardRouter.get('/home', LeaderBoardController.getHome);\n\nLeaderBoardRouter.get('/away', LeaderBoardController.getAway);\n\nexport default LeaderBoardRouter;\n"]},"_coverageSchema":"1a1c01bbd47fc00a2c39e90264f33305004495a9","hash":"c221f7a1c71624729c8b9ef13ed45e3e182e1892"},"/home/dev.itor/trybe-projetos/sd-023-b-trybe-futebol-clube/app/backend/src/controller/leaderBoardController.ts":{"path":"/home/dev.itor/trybe-projetos/sd-023-b-trybe-futebol-clube/app/backend/src/controller/leaderBoardController.ts","statementMap":{"0":{"start":{"line":2,"column":0},"end":{"line":2,"column":62}},"1":{"start":{"line":3,"column":29},"end":{"line":3,"column":69}},"2":{"start":{"line":4,"column":15},"end":{"line":12,"column":1}},"3":{"start":{"line":5,"column":4},"end":{"line":11,"column":5}},"4":{"start":{"line":6,"column":45},"end":{"line":6,"column":88}},"5":{"start":{"line":7,"column":8},"end":{"line":7,"column":57}},"6":{"start":{"line":10,"column":8},"end":{"line":10,"column":43}},"7":{"start":{"line":13,"column":16},"end":{"line":21,"column":1}},"8":{"start":{"line":14,"column":4},"end":{"line":20,"column":5}},"9":{"start":{"line":15,"column":45},"end":{"line":15,"column":89}},"10":{"start":{"line":16,"column":8},"end":{"line":16,"column":57}},"11":{"start":{"line":19,"column":8},"end":{"line":19,"column":43}},"12":{"start":{"line":22,"column":16},"end":{"line":30,"column":1}},"13":{"start":{"line":23,"column":4},"end":{"line":29,"column":5}},"14":{"start":{"line":24,"column":45},"end":{"line":24,"column":89}},"15":{"start":{"line":25,"column":8},"end":{"line":25,"column":57}},"16":{"start":{"line":28,"column":8},"end":{"line":28,"column":43}},"17":{"start":{"line":31,"column":0},"end":{"line":31,"column":47}}},"fnMap":{"0":{"name":"(anonymous_0)","decl":{"start":{"line":4,"column":15},"end":{"line":4,"column":16}},"loc":{"start":{"line":4,"column":36},"end":{"line":12,"column":1}},"line":4},"1":{"name":"(anonymous_1)","decl":{"start":{"line":13,"column":16},"end":{"line":13,"column":17}},"loc":{"start":{"line":13,"column":37},"end":{"line":21,"column":1}},"line":13},"2":{"name":"(anonymous_2)","decl":{"start":{"line":22,"column":16},"end":{"line":22,"column":17}},"loc":{"start":{"line":22,"column":37},"end":{"line":30,"column":1}},"line":22}},"branchMap":{},"s":{"0":1,"1":1,"2":1,"3":1,"4":1,"5":1,"6":0,"7":1,"8":1,"9":1,"10":1,"11":0,"12":1,"13":1,"14":1,"15":1,"16":0,"17":1},"f":{"0":1,"1":1,"2":1},"b":{},"inputSourceMap":{"version":3,"file":"/home/dev.itor/trybe-projetos/sd-023-b-trybe-futebol-clube/app/backend/src/controller/leaderBoardController.ts","sources":["/home/dev.itor/trybe-projetos/sd-023-b-trybe-futebol-clube/app/backend/src/controller/leaderBoardController.ts"],"names":[],"mappings":";;AACA,sEAA+D;AAE/D,MAAM,MAAM,GAAG,KAAK,EAAE,IAAa,EAAE,GAAY,EAAE,EAAE;IACnD,IAAI;QACF,MAAM,EAAE,cAAc,EAAE,QAAQ,EAAE,GAAG,MAAM,4BAAkB,CAAC,MAAM,EAAE,CAAC;QAEvE,OAAO,GAAG,CAAC,MAAM,CAAC,cAAc,CAAC,CAAC,IAAI,CAAC,QAAQ,CAAC,CAAC;KAClD;IAAC,OAAO,KAAK,EAAE;QACd,OAAO,GAAG,CAAC,MAAM,CAAC,GAAG,CAAC,CAAC,IAAI,CAAC,KAAK,CAAC,CAAC;KACpC;AACH,CAAC,CAAC;AAEF,MAAM,OAAO,GAAG,KAAK,EAAE,IAAa,EAAE,GAAY,EAAE,EAAE;IACpD,IAAI;QACF,MAAM,EAAE,cAAc,EAAE,QAAQ,EAAE,GAAG,MAAM,4BAAkB,CAAC,OAAO,EAAE,CAAC;QAExE,OAAO,GAAG,CAAC,MAAM,CAAC,cAAc,CAAC,CAAC,IAAI,CAAC,QAAQ,CAAC,CAAC;KAClD;IAAC,OAAO,KAAK,EAAE;QACd,OAAO,GAAG,CAAC,MAAM,CAAC,GAAG,CAAC,CAAC,IAAI,CAAC,KAAK,CAAC,CAAC;KACpC;AACH,CAAC,CAAC;AAEF,MAAM,OAAO,GAAG,KAAK,EAAE,IAAa,EAAE,GAAY,EAAE,EAAE;IACpD,IAAI;QACF,MAAM,EAAE,cAAc,EAAE,QAAQ,EAAE,GAAG,MAAM,4BAAkB,CAAC,OAAO,EAAE,CAAC;QAExE,OAAO,GAAG,CAAC,MAAM,CAAC,cAAc,CAAC,CAAC,IAAI,CAAC,QAAQ,CAAC,CAAC;KAClD;IAAC,OAAO,KAAK,EAAE;QACd,OAAO,GAAG,CAAC,MAAM,CAAC,GAAG,CAAC,CAAC,IAAI,CAAC,KAAK,CAAC,CAAC;KACpC;AACH,CAAC,CAAC;AAEF,kBAAe,EAAE,MAAM,EAAE,OAAO,EAAE,OAAO,EAAE,CAAC","sourcesContent":["import { Request, Response } from 'express';\nimport leaderBoardService from '../service/leaderBoardService';\n\nconst getAll = async (_req: Request, res:Response) => {\n  try {\n    const { httpStatusCode, response } = await leaderBoardService.getAll();\n\n    return res.status(httpStatusCode).json(response);\n  } catch (error) {\n    return res.status(500).json(error);\n  }\n};\n\nconst getHome = async (_req: Request, res:Response) => {\n  try {\n    const { httpStatusCode, response } = await leaderBoardService.getHome();\n\n    return res.status(httpStatusCode).json(response);\n  } catch (error) {\n    return res.status(500).json(error);\n  }\n};\n\nconst getAway = async (_req: Request, res:Response) => {\n  try {\n    const { httpStatusCode, response } = await leaderBoardService.getAway();\n\n    return res.status(httpStatusCode).json(response);\n  } catch (error) {\n    return res.status(500).json(error);\n  }\n};\n\nexport default { getAll, getHome, getAway };\n"]},"_coverageSchema":"1a1c01bbd47fc00a2c39e90264f33305004495a9","hash":"330d84c7eca5c8637ed58431f2f2c28d5eeb3a97"},"/home/dev.itor/trybe-projetos/sd-023-b-trybe-futebol-clube/app/backend/src/service/leaderBoardService.ts":{"path":"/home/dev.itor/trybe-projetos/sd-023-b-trybe-futebol-clube/app/backend/src/service/leaderBoardService.ts","statementMap":{"0":{"start":{"line":2,"column":0},"end":{"line":2,"column":62}},"1":{"start":{"line":3,"column":32},"end":{"line":3,"column":78}},"2":{"start":{"line":4,"column":22},"end":{"line":4,"column":53}},"3":{"start":{"line":5,"column":22},"end":{"line":5,"column":53}},"4":{"start":{"line":6,"column":22},"end":{"line":6,"column":53}},"5":{"start":{"line":7,"column":27},"end":{"line":7,"column":63}},"6":{"start":{"line":8,"column":16},"end":{"line":14,"column":1}},"7":{"start":{"line":9,"column":20},"end":{"line":9,"column":70}},"8":{"start":{"line":10,"column":18},"end":{"line":10,"column":66}},"9":{"start":{"line":11,"column":23},"end":{"line":11,"column":94}},"10":{"start":{"line":11,"column":40},"end":{"line":11,"column":93}},"11":{"start":{"line":12,"column":25},"end":{"line":12,"column":63}},"12":{"start":{"line":13,"column":4},"end":{"line":13,"column":59}},"13":{"start":{"line":15,"column":16},"end":{"line":21,"column":1}},"14":{"start":{"line":16,"column":20},"end":{"line":16,"column":70}},"15":{"start":{"line":17,"column":18},"end":{"line":17,"column":66}},"16":{"start":{"line":18,"column":23},"end":{"line":18,"column":94}},"17":{"start":{"line":18,"column":40},"end":{"line":18,"column":93}},"18":{"start":{"line":19,"column":25},"end":{"line":19,"column":63}},"19":{"start":{"line":20,"column":4},"end":{"line":20,"column":59}},"20":{"start":{"line":22,"column":15},"end":{"line":30,"column":1}},"21":{"start":{"line":23,"column":20},"end":{"line":23,"column":70}},"22":{"start":{"line":24,"column":18},"end":{"line":24,"column":66}},"23":{"start":{"line":25,"column":23},"end":{"line":25,"column":94}},"24":{"start":{"line":25,"column":40},"end":{"line":25,"column":93}},"25":{"start":{"line":26,"column":23},"end":{"line":26,"column":94}},"26":{"start":{"line":26,"column":40},"end":{"line":26,"column":93}},"27":{"start":{"line":27,"column":24},"end":{"line":27,"column":86}},"28":{"start":{"line":28,"column":25},"end":{"line":28,"column":64}},"29":{"start":{"line":29,"column":4},"end":{"line":29,"column":59}},"30":{"start":{"line":31,"column":0},"end":{"line":31,"column":47}}},"fnMap":{"0":{"name":"(anonymous_0)","decl":{"start":{"line":8,"column":16},"end":{"line":8,"column":17}},"loc":{"start":{"line":8,"column":28},"end":{"line":14,"column":1}},"line":8},"1":{"name":"(anonymous_1)","decl":{"start":{"line":11,"column":33},"end":{"line":11,"column":34}},"loc":{"start":{"line":11,"column":40},"end":{"line":11,"column":93}},"line":11},"2":{"name":"(anonymous_2)","decl":{"start":{"line":15,"column":16},"end":{"line":15,"column":17}},"loc":{"start":{"line":15,"column":28},"end":{"line":21,"column":1}},"line":15},"3":{"name":"(anonymous_3)","decl":{"start":{"line":18,"column":33},"end":{"line":18,"column":34}},"loc":{"start":{"line":18,"column":40},"end":{"line":18,"column":93}},"line":18},"4":{"name":"(anonymous_4)","decl":{"start":{"line":22,"column":15},"end":{"line":22,"column":16}},"loc":{"start":{"line":22,"column":27},"end":{"line":30,"column":1}},"line":22},"5":{"name":"(anonymous_5)","decl":{"start":{"line":25,"column":33},"end":{"line":25,"column":34}},"loc":{"start":{"line":25,"column":40},"end":{"line":25,"column":93}},"line":25},"6":{"name":"(anonymous_6)","decl":{"start":{"line":26,"column":33},"end":{"line":26,"column":34}},"loc":{"start":{"line":26,"column":40},"end":{"line":26,"column":93}},"line":26}},"branchMap":{},"s":{"0":1,"1":1,"2":1,"3":1,"4":1,"5":1,"6":1,"7":1,"8":1,"9":1,"10":16,"11":1,"12":1,"13":1,"14":1,"15":1,"16":1,"17":16,"18":1,"19":1,"20":1,"21":1,"22":1,"23":1,"24":16,"25":1,"26":16,"27":1,"28":1,"29":1,"30":1},"f":{"0":1,"1":16,"2":1,"3":16,"4":1,"5":16,"6":16},"b":{},"inputSourceMap":{"version":3,"file":"/home/dev.itor/trybe-projetos/sd-023-b-trybe-futebol-clube/app/backend/src/service/leaderBoardService.ts","sources":["/home/dev.itor/trybe-projetos/sd-023-b-trybe-futebol-clube/app/backend/src/service/leaderBoardService.ts"],"names":[],"mappings":";;AAAA,+EAAwE;AACxE,sDAAmD;AACnD,sDAAkD;AAClD,sDAAkD;AAClD,gEAA0D;AAE1D,MAAM,OAAO,GAAG,KAAK,IAAI,EAAE;IACzB,MAAM,OAAO,GAAG,MAAM,+BAAqB,CAAC,UAAU,EAAE,CAAC;IAEzD,MAAM,KAAK,GAAG,MAAM,+BAAqB,CAAC,QAAQ,EAAE,CAAC;IAErD,MAAM,UAAU,GAAG,KAAK,CAAC,GAAG,CAAC,CAAC,CAAC,EAAE,EAAE,CAAC,IAAA,qBAAc,EAAC,CAAC,CAAC,EAAE,EAAE,CAAC,CAAC,QAAQ,EAAE,OAAO,CAAC,CAAC,CAAC;IAE/E,MAAM,YAAY,GAAG,IAAA,qBAAe,EAAC,UAAU,CAAC,CAAC;IAEjD,OAAO,EAAE,cAAc,EAAE,GAAG,EAAE,QAAQ,EAAE,YAAY,EAAE,CAAC;AACzD,CAAC,CAAC;AAEF,MAAM,OAAO,GAAG,KAAK,IAAI,EAAE;IACzB,MAAM,OAAO,GAAG,MAAM,+BAAqB,CAAC,UAAU,EAAE,CAAC;IAEzD,MAAM,KAAK,GAAG,MAAM,+BAAqB,CAAC,QAAQ,EAAE,CAAC;IAErD,MAAM,UAAU,GAAG,KAAK,CAAC,GAAG,CAAC,CAAC,CAAC,EAAE,EAAE,CAAC,IAAA,qBAAc,EAAC,CAAC,CAAC,EAAE,EAAE,CAAC,CAAC,QAAQ,EAAE,OAAO,CAAC,CAAC,CAAC;IAE/E,MAAM,YAAY,GAAG,IAAA,qBAAe,EAAC,UAAU,CAAC,CAAC;IAEjD,OAAO,EAAE,cAAc,EAAE,GAAG,EAAE,QAAQ,EAAE,YAAY,EAAE,CAAC;AACzD,CAAC,CAAC;AAEF,MAAM,MAAM,GAAG,KAAK,IAAI,EAAE;IACxB,MAAM,OAAO,GAAG,MAAM,+BAAqB,CAAC,UAAU,EAAE,CAAC;IACzD,MAAM,KAAK,GAAG,MAAM,+BAAqB,CAAC,QAAQ,EAAE,CAAC;IAErD,MAAM,UAAU,GAAG,KAAK,CAAC,GAAG,CAAC,CAAC,CAAC,EAAE,EAAE,CAAC,IAAA,qBAAc,EAAC,CAAC,CAAC,EAAE,EAAE,CAAC,CAAC,QAAQ,EAAE,OAAO,CAAC,CAAC,CAAC;IAC/E,MAAM,UAAU,GAAG,KAAK,CAAC,GAAG,CAAC,CAAC,CAAC,EAAE,EAAE,CAAC,IAAA,qBAAc,EAAC,CAAC,CAAC,EAAE,EAAE,CAAC,CAAC,QAAQ,EAAE,OAAO,CAAC,CAAC,CAAC;IAE/E,MAAM,WAAW,GAAG,IAAA,0BAAiB,EAAC,KAAK,EAAE,UAAU,EAAE,UAAU,CAAC,CAAC;IAErE,MAAM,YAAY,GAAG,IAAA,qBAAe,EAAC,WAAW,CAAC,CAAC;IAElD,OAAO,EAAE,cAAc,EAAE,GAAG,EAAE,QAAQ,EAAE,YAAY,EAAE,CAAC;AACzD,CAAC,CAAC;AAEF,kBAAe,EAAE,MAAM,EAAE,OAAO,EAAE,OAAO,EAAE,CAAC","sourcesContent":["import leaderBoardRepository from '../repository/leaderBoardRepository';\nimport getSortedResult from '../utils/sortResults';\nimport getAwayResults from '../utils/awayFilters';\nimport getHomeResults from '../utils/homeFilters';\nimport getGeneralResults from '../utils/geralLeaderboard';\n\nconst getHome = async () => {\n  const matches = await leaderBoardRepository.getMacthes();\n\n  const teams = await leaderBoardRepository.getTeams();\n\n  const resultHome = teams.map((e) => getHomeResults(e.id, e.teamName, matches));\n\n  const sortedResult = getSortedResult(resultHome);\n\n  return { httpStatusCode: 200, response: sortedResult };\n};\n\nconst getAway = async () => {\n  const matches = await leaderBoardRepository.getMacthes();\n\n  const teams = await leaderBoardRepository.getTeams();\n\n  const resultAway = teams.map((e) => getAwayResults(e.id, e.teamName, matches));\n\n  const sortedResult = getSortedResult(resultAway);\n\n  return { httpStatusCode: 200, response: sortedResult };\n};\n\nconst getAll = async () => {\n  const matches = await leaderBoardRepository.getMacthes();\n  const teams = await leaderBoardRepository.getTeams();\n\n  const resultHome = teams.map((e) => getHomeResults(e.id, e.teamName, matches));\n  const resultAway = teams.map((e) => getAwayResults(e.id, e.teamName, matches));\n\n  const resultGeral = getGeneralResults(teams, resultHome, resultAway);\n\n  const sortedResult = getSortedResult(resultGeral);\n\n  return { httpStatusCode: 200, response: sortedResult };\n};\n\nexport default { getAll, getHome, getAway };\n"]},"_coverageSchema":"1a1c01bbd47fc00a2c39e90264f33305004495a9","hash":"1c3f018453eeaa04498d5be454c351806dca5b62"},"/home/dev.itor/trybe-projetos/sd-023-b-trybe-futebol-clube/app/backend/src/repository/leaderBoardRepository.ts":{"path":"/home/dev.itor/trybe-projetos/sd-023-b-trybe-futebol-clube/app/backend/src/repository/leaderBoardRepository.ts","statementMap":{"0":{"start":{"line":2,"column":0},"end":{"line":2,"column":62}},"1":{"start":{"line":3,"column":16},"end":{"line":3,"column":51}},"2":{"start":{"line":4,"column":15},"end":{"line":4,"column":49}},"3":{"start":{"line":5,"column":17},"end":{"line":5,"column":66}},"4":{"start":{"line":5,"column":29},"end":{"line":5,"column":66}},"5":{"start":{"line":6,"column":19},"end":{"line":12,"column":2}},"6":{"start":{"line":6,"column":31},"end":{"line":12,"column":2}},"7":{"start":{"line":13,"column":0},"end":{"line":13,"column":43}}},"fnMap":{"0":{"name":"(anonymous_0)","decl":{"start":{"line":5,"column":17},"end":{"line":5,"column":18}},"loc":{"start":{"line":5,"column":29},"end":{"line":5,"column":66}},"line":5},"1":{"name":"(anonymous_1)","decl":{"start":{"line":6,"column":19},"end":{"line":6,"column":20}},"loc":{"start":{"line":6,"column":31},"end":{"line":12,"column":2}},"line":6}},"branchMap":{},"s":{"0":1,"1":1,"2":1,"3":1,"4":3,"5":1,"6":3,"7":1},"f":{"0":3,"1":3},"b":{},"inputSourceMap":{"version":3,"file":"/home/dev.itor/trybe-projetos/sd-023-b-trybe-futebol-clube/app/backend/src/repository/leaderBoardRepository.ts","sources":["/home/dev.itor/trybe-projetos/sd-023-b-trybe-futebol-clube/app/backend/src/repository/leaderBoardRepository.ts"],"names":[],"mappings":";;AAAA,oDAA6C;AAC7C,kDAA2C;AAE3C,MAAM,QAAQ,GAAG,KAAK,IAAI,EAAE,CAAC,cAAI,CAAC,OAAO,CAAC,EAAE,GAAG,EAAE,IAAI,EAAE,CAAC,CAAC;AAEzD,MAAM,UAAU,GAAG,KAAK,IAAI,EAAE,CAAC,eAAK,CAAC,OAAO,CAAC;IAC3C,GAAG,EAAE,IAAI;IACT,UAAU,EAAE,EAAE,OAAO,EAAE,CAAC,IAAI,EAAE,cAAc,EAAE,cAAc,EAAE,YAAY,CAAC,EAAE;IAC7E,KAAK,EAAE;QACL,UAAU,EAAE,KAAK;KAClB;CACF,CAAC,CAAC;AAEH,kBAAe,EAAE,UAAU,EAAE,QAAQ,EAAE,CAAC","sourcesContent":["import Match from '../database/models/Match';\nimport Team from '../database/models/Team';\n\nconst getTeams = async () => Team.findAll({ raw: true });\n\nconst getMacthes = async () => Match.findAll({\n  raw: true,\n  attributes: { exclude: ['id', 'home_team_id', 'away_team_id', 'inProgress'] },\n  where: {\n    inProgress: false,\n  },\n});\n\nexport default { getMacthes, getTeams };\n"]},"_coverageSchema":"1a1c01bbd47fc00a2c39e90264f33305004495a9","hash":"e07778c28373079396cf70cbc87b794a8ff83dc2"},"/home/dev.itor/trybe-projetos/sd-023-b-trybe-futebol-clube/app/backend/src/database/models/Match.ts":{"path":"/home/dev.itor/trybe-projetos/sd-023-b-trybe-futebol-clube/app/backend/src/database/models/Match.ts","statementMap":{"0":{"start":{"line":2,"column":0},"end":{"line":2,"column":62}},"1":{"start":{"line":3,"column":20},"end":{"line":3,"column":40}},"2":{"start":{"line":4,"column":16},"end":{"line":4,"column":34}},"3":{"start":{"line":5,"column":15},"end":{"line":5,"column":32}},"4":{"start":{"line":8,"column":0},"end":{"line":52,"column":76}},"5":{"start":{"line":53,"column":0},"end":{"line":53,"column":62}},"6":{"start":{"line":54,"column":0},"end":{"line":54,"column":62}},"7":{"start":{"line":55,"column":0},"end":{"line":55,"column":80}},"8":{"start":{"line":56,"column":0},"end":{"line":56,"column":80}},"9":{"start":{"line":57,"column":0},"end":{"line":57,"column":24}}},"fnMap":{},"branchMap":{},"s":{"0":1,"1":1,"2":1,"3":1,"4":1,"5":1,"6":1,"7":1,"8":1,"9":1},"f":{},"b":{},"inputSourceMap":{"version":3,"file":"/home/dev.itor/trybe-projetos/sd-023-b-trybe-futebol-clube/app/backend/src/database/models/Match.ts","sources":["/home/dev.itor/trybe-projetos/sd-023-b-trybe-futebol-clube/app/backend/src/database/models/Match.ts"],"names":[],"mappings":";;AAAA,yCAA6C;AAC7C,mCAAiC;AACjC,iCAA0B;AAE1B,MAAM,KAAM,SAAQ,iBAAK;CAOxB;AAED,KAAK,CAAC,IAAI,CACR;IACE,EAAE,EAAE;QACF,IAAI,EAAE,qBAAS,CAAC,OAAO;QACvB,UAAU,EAAE,IAAI;QAChB,aAAa,EAAE,IAAI;QACnB,SAAS,EAAE,KAAK;KACjB;IACD,UAAU,EAAE;QACV,IAAI,EAAE,qBAAS,CAAC,OAAO;QACvB,SAAS,EAAE,KAAK;QAChB,QAAQ,EAAE,SAAS;QACnB,QAAQ,EAAE,SAAS;QACnB,KAAK,EAAE,cAAc;QACrB,UAAU,EAAE;YACV,KAAK,EAAE,OAAO;YACd,GAAG,EAAE,IAAI;SACV;KACF;IACD,aAAa,EAAE;QACb,IAAI,EAAE,qBAAS,CAAC,OAAO;QACvB,SAAS,EAAE,KAAK;QAChB,KAAK,EAAE,iBAAiB;KACzB;IACD,UAAU,EAAE;QACV,IAAI,EAAE,qBAAS,CAAC,OAAO;QACvB,SAAS,EAAE,KAAK;QAChB,QAAQ,EAAE,SAAS;QACnB,QAAQ,EAAE,SAAS;QACnB,KAAK,EAAE,cAAc;QACrB,UAAU,EAAE;YACV,KAAK,EAAE,OAAO;YACd,GAAG,EAAE,IAAI;SACV;KACF;IACD,aAAa,EAAE;QACb,IAAI,EAAE,qBAAS,CAAC,OAAO;QACvB,SAAS,EAAE,KAAK;QAChB,KAAK,EAAE,iBAAiB;KACzB;IACD,UAAU,EAAE;QACV,IAAI,EAAE,qBAAS,CAAC,OAAO;QACvB,SAAS,EAAE,KAAK;QAChB,KAAK,EAAE,aAAa;KACrB;CACF,EACD,EAAE,SAAS,EAAE,eAAU,EAAE,SAAS,EAAE,SAAS,EAAE,UAAU,EAAE,KAAK,EAAE,CACnE,CAAC;AAEF,cAAI,CAAC,OAAO,CAAC,KAAK,EAAE,EAAE,UAAU,EAAE,cAAc,EAAE,CAAC,CAAC;AACpD,cAAI,CAAC,OAAO,CAAC,KAAK,EAAE,EAAE,UAAU,EAAE,cAAc,EAAE,CAAC,CAAC;AAEpD,KAAK,CAAC,SAAS,CAAC,cAAI,EAAE,EAAE,UAAU,EAAE,cAAc,EAAE,EAAE,EAAE,UAAU,EAAE,CAAC,CAAC;AACtE,KAAK,CAAC,SAAS,CAAC,cAAI,EAAE,EAAE,UAAU,EAAE,cAAc,EAAE,EAAE,EAAE,UAAU,EAAE,CAAC,CAAC;AAEtE,kBAAe,KAAK,CAAC","sourcesContent":["import { DataTypes, Model } from 'sequelize';\nimport connection from './index';\nimport Team from './Team';\n\nclass Match extends Model {\n  declare id: number;\n  declare homeTeamId: number;\n  declare homeTeamGoals: number;\n  declare awayTeamId: number;\n  declare awayTeamGoals: number;\n  declare inProgress: boolean;\n}\n\nMatch.init(\n  {\n    id: {\n      type: DataTypes.INTEGER,\n      primaryKey: true,\n      autoIncrement: true,\n      allowNull: false,\n    },\n    homeTeamId: {\n      type: DataTypes.INTEGER,\n      allowNull: false,\n      onUpdate: 'CASCADE',\n      onDelete: 'CASCADE',\n      field: 'home_team_id',\n      references: {\n        model: 'teams',\n        key: 'id',\n      },\n    },\n    homeTeamGoals: {\n      type: DataTypes.INTEGER,\n      allowNull: false,\n      field: 'home_team_goals',\n    },\n    awayTeamId: {\n      type: DataTypes.INTEGER,\n      allowNull: false,\n      onUpdate: 'CASCADE',\n      onDelete: 'CASCADE',\n      field: 'away_team_id',\n      references: {\n        model: 'teams',\n        key: 'id',\n      },\n    },\n    awayTeamGoals: {\n      type: DataTypes.INTEGER,\n      allowNull: false,\n      field: 'away_team_goals',\n    },\n    inProgress: {\n      type: DataTypes.BOOLEAN,\n      allowNull: false,\n      field: 'in_progress',\n    },\n  },\n  { sequelize: connection, tableName: 'matches', timestamps: false },\n);\n\nTeam.hasMany(Match, { foreignKey: 'home_team_id' });\nTeam.hasMany(Match, { foreignKey: 'away_team_id' });\n\nMatch.belongsTo(Team, { foreignKey: 'home_team_id', as: 'homeTeam' });\nMatch.belongsTo(Team, { foreignKey: 'away_team_id', as: 'awayTeam' });\n\nexport default Match;\n"]},"_coverageSchema":"1a1c01bbd47fc00a2c39e90264f33305004495a9","hash":"1074636b90e692da2c20719df02daf6e1e13e417"},"/home/dev.itor/trybe-projetos/sd-023-b-trybe-futebol-clube/app/backend/src/database/models/index.ts":{"path":"/home/dev.itor/trybe-projetos/sd-023-b-trybe-futebol-clube/app/backend/src/database/models/index.ts","statementMap":{"0":{"start":{"line":2,"column":0},"end":{"line":2,"column":62}},"1":{"start":{"line":3,"column":20},"end":{"line":3,"column":40}},"2":{"start":{"line":4,"column":15},"end":{"line":4,"column":44}},"3":{"start":{"line":5,"column":18},"end":{"line":5,"column":51}},"4":{"start":{"line":6,"column":0},"end":{"line":6,"column":28}}},"fnMap":{},"branchMap":{},"s":{"0":1,"1":1,"2":1,"3":1,"4":1},"f":{},"b":{},"inputSourceMap":{"version":3,"file":"/home/dev.itor/trybe-projetos/sd-023-b-trybe-futebol-clube/app/backend/src/database/models/index.ts","sources":["/home/dev.itor/trybe-projetos/sd-023-b-trybe-futebol-clube/app/backend/src/database/models/index.ts"],"names":[],"mappings":";;AAAA,yCAAsC;AACtC,6CAA6C;AAE7C,MAAM,SAAS,GAAG,IAAI,qBAAS,CAAC,MAAM,CAAC,CAAA;AAEvC,kBAAe,SAAS,CAAC","sourcesContent":["import { Sequelize } from 'sequelize';\nimport * as config from '../config/database';\n\nconst sequelize = new Sequelize(config)\n\nexport default sequelize;\n"]},"_coverageSchema":"1a1c01bbd47fc00a2c39e90264f33305004495a9","hash":"25f08792421c162f2e6af1fd15febb197af3e183"},"/home/dev.itor/trybe-projetos/sd-023-b-trybe-futebol-clube/app/backend/src/database/models/Team.ts":{"path":"/home/dev.itor/trybe-projetos/sd-023-b-trybe-futebol-clube/app/backend/src/database/models/Team.ts","statementMap":{"0":{"start":{"line":2,"column":0},"end":{"line":2,"column":62}},"1":{"start":{"line":3,"column":20},"end":{"line":3,"column":40}},"2":{"start":{"line":4,"column":16},"end":{"line":4,"column":34}},"3":{"start":{"line":7,"column":0},"end":{"line":19,"column":93}},"4":{"start":{"line":20,"column":0},"end":{"line":20,"column":23}}},"fnMap":{},"branchMap":{},"s":{"0":1,"1":1,"2":1,"3":1,"4":1},"f":{},"b":{},"inputSourceMap":{"version":3,"file":"/home/dev.itor/trybe-projetos/sd-023-b-trybe-futebol-clube/app/backend/src/database/models/Team.ts","sources":["/home/dev.itor/trybe-projetos/sd-023-b-trybe-futebol-clube/app/backend/src/database/models/Team.ts"],"names":[],"mappings":";;AAAA,yCAA6C;AAC7C,mCAAiC;AAEjC,MAAM,IAAK,SAAQ,iBAAK;CAGvB;AAED,IAAI,CAAC,IAAI,CAAC;IACR,EAAE,EAAE;QACF,IAAI,EAAE,qBAAS,CAAC,OAAO;QACvB,UAAU,EAAE,IAAI;QAChB,aAAa,EAAE,IAAI;QACnB,SAAS,EAAE,KAAK;KACjB;IACD,QAAQ,EAAE;QACR,IAAI,EAAE,qBAAS,CAAC,MAAM;QACtB,SAAS,EAAE,KAAK;QAChB,KAAK,EAAE,WAAW;KACnB;CACF,EAAE,EAAE,SAAS,EAAE,eAAU,EAAE,SAAS,EAAE,OAAO,EAAE,UAAU,EAAE,KAAK,EAAE,WAAW,EAAE,IAAI,EAAE,CAAC,CAAC;AAExF,kBAAe,IAAI,CAAC","sourcesContent":["import { DataTypes, Model } from 'sequelize';\nimport connection from './index';\n\nclass Team extends Model {\n  declare id: number;\n  declare teamName: string;\n}\n\nTeam.init({\n  id: {\n    type: DataTypes.INTEGER,\n    primaryKey: true,\n    autoIncrement: true,\n    allowNull: false,\n  },\n  teamName: {\n    type: DataTypes.STRING,\n    allowNull: false,\n    field: 'team_name',\n  },\n}, { sequelize: connection, tableName: 'teams', timestamps: false, underscored: true });\n\nexport default Team;\n"]},"_coverageSchema":"1a1c01bbd47fc00a2c39e90264f33305004495a9","hash":"405a58ceead9813cc5b204b3c272653b9667aaa4"},"/home/dev.itor/trybe-projetos/sd-023-b-trybe-futebol-clube/app/backend/src/utils/sortResults.ts":{"path":"/home/dev.itor/trybe-projetos/sd-023-b-trybe-futebol-clube/app/backend/src/utils/sortResults.ts","statementMap":{"0":{"start":{"line":2,"column":0},"end":{"line":2,"column":62}},"1":{"start":{"line":3,"column":24},"end":{"line":20,"column":1}},"2":{"start":{"line":4,"column":19},"end":{"line":18,"column":6}},"3":{"start":{"line":5,"column":8},"end":{"line":7,"column":9}},"4":{"start":{"line":6,"column":12},"end":{"line":6,"column":49}},"5":{"start":{"line":8,"column":8},"end":{"line":10,"column":9}},"6":{"start":{"line":9,"column":12},"end":{"line":9,"column":55}},"7":{"start":{"line":11,"column":8},"end":{"line":13,"column":9}},"8":{"start":{"line":12,"column":12},"end":{"line":12,"column":51}},"9":{"start":{"line":14,"column":8},"end":{"line":16,"column":9}},"10":{"start":{"line":15,"column":12},"end":{"line":15,"column":47}},"11":{"start":{"line":17,"column":8},"end":{"line":17,"column":47}},"12":{"start":{"line":19,"column":4},"end":{"line":19,"column":18}},"13":{"start":{"line":21,"column":0},"end":{"line":21,"column":34}}},"fnMap":{"0":{"name":"(anonymous_0)","decl":{"start":{"line":3,"column":24},"end":{"line":3,"column":25}},"loc":{"start":{"line":3,"column":36},"end":{"line":20,"column":1}},"line":3},"1":{"name":"(anonymous_1)","decl":{"start":{"line":4,"column":31},"end":{"line":4,"column":32}},"loc":{"start":{"line":4,"column":41},"end":{"line":18,"column":5}},"line":4}},"branchMap":{"0":{"loc":{"start":{"line":5,"column":8},"end":{"line":7,"column":9}},"type":"if","locations":[{"start":{"line":5,"column":8},"end":{"line":7,"column":9}},{"start":{"line":5,"column":8},"end":{"line":7,"column":9}}],"line":5},"1":{"loc":{"start":{"line":8,"column":8},"end":{"line":10,"column":9}},"type":"if","locations":[{"start":{"line":8,"column":8},"end":{"line":10,"column":9}},{"start":{"line":8,"column":8},"end":{"line":10,"column":9}}],"line":8},"2":{"loc":{"start":{"line":11,"column":8},"end":{"line":13,"column":9}},"type":"if","locations":[{"start":{"line":11,"column":8},"end":{"line":13,"column":9}},{"start":{"line":11,"column":8},"end":{"line":13,"column":9}}],"line":11},"3":{"loc":{"start":{"line":14,"column":8},"end":{"line":16,"column":9}},"type":"if","locations":[{"start":{"line":14,"column":8},"end":{"line":16,"column":9}},{"start":{"line":14,"column":8},"end":{"line":16,"column":9}}],"line":14}},"s":{"0":1,"1":1,"2":3,"3":139,"4":101,"5":38,"6":0,"7":38,"8":33,"9":5,"10":5,"11":0,"12":3,"13":1},"f":{"0":3,"1":139},"b":{"0":[101,38],"1":[0,38],"2":[33,5],"3":[5,0]},"inputSourceMap":{"version":3,"file":"/home/dev.itor/trybe-projetos/sd-023-b-trybe-futebol-clube/app/backend/src/utils/sortResults.ts","sources":["/home/dev.itor/trybe-projetos/sd-023-b-trybe-futebol-clube/app/backend/src/utils/sortResults.ts"],"names":[],"mappings":";;AAaA,MAAM,eAAe,GAAG,CAAC,MAAgB,EAAE,EAAE;IAC3C,MAAM,MAAM,GAAG,MAAM,CAAC,IAAI,CAAC,CAAC,CAAC,EAAE,CAAC,EAAE,EAAE;QAClC,IAAI,CAAC,CAAC,WAAW,KAAK,CAAC,CAAC,WAAW,EAAE;YACnC,OAAO,CAAC,CAAC,WAAW,GAAG,CAAC,CAAC,WAAW,CAAC;SACtC;QAAC,IAAI,CAAC,CAAC,cAAc,KAAK,CAAC,CAAC,cAAc,EAAE;YAC3C,OAAO,CAAC,CAAC,cAAc,GAAG,CAAC,CAAC,cAAc,CAAC;SAC5C;QAAC,IAAI,CAAC,CAAC,YAAY,KAAK,CAAC,CAAC,YAAY,EAAE;YACvC,OAAO,CAAC,CAAC,YAAY,GAAG,CAAC,CAAC,YAAY,CAAC;SACxC;QAAC,IAAI,CAAC,CAAC,UAAU,KAAK,CAAC,CAAC,UAAU,EAAE;YACnC,OAAO,CAAC,CAAC,UAAU,GAAG,CAAC,CAAC,UAAU,CAAC;SACpC;QACD,OAAO,CAAC,CAAC,YAAY,GAAG,CAAC,CAAC,YAAY,CAAC;IACzC,CAAC,CAAC,CAAC;IACH,OAAO,MAAM,CAAC;AAChB,CAAC,CAAC;AAEF,kBAAe,eAAe,CAAC","sourcesContent":["interface IResult {\n  name: string;\n  totalPoints: number;\n  totalGames: number;\n  totalVictories: number;\n  totalDraws: number;\n  totalLosses: number;\n  goalsFavor: number;\n  goalsOwn: number;\n  goalsBalance: number;\n  efficiency: number;\n}\n\nconst getSortedResult = (result:IResult[]) => {\n  const sorted = result.sort((a, b) => {\n    if (a.totalPoints !== b.totalPoints) {\n      return b.totalPoints - a.totalPoints;\n    } if (a.totalVictories !== b.totalVictories) {\n      return b.totalVictories - a.totalVictories;\n    } if (a.goalsBalance !== b.goalsBalance) {\n      return b.goalsBalance - a.goalsBalance;\n    } if (a.goalsFavor !== b.goalsFavor) {\n      return b.goalsFavor - a.goalsFavor;\n    }\n    return a.goalsBalance - b.goalsBalance;\n  });\n  return sorted;\n};\n\nexport default getSortedResult;\n"]},"_coverageSchema":"1a1c01bbd47fc00a2c39e90264f33305004495a9","hash":"918ede6809ff39f1a39c207204c569561f0ebee1"},"/home/dev.itor/trybe-projetos/sd-023-b-trybe-futebol-clube/app/backend/src/utils/awayFilters.ts":{"path":"/home/dev.itor/trybe-projetos/sd-023-b-trybe-futebol-clube/app/backend/src/utils/awayFilters.ts","statementMap":{"0":{"start":{"line":2,"column":0},"end":{"line":2,"column":62}},"1":{"start":{"line":3,"column":0},"end":{"line":3,"column":210}},"2":{"start":{"line":4,"column":22},"end":{"line":16,"column":1}},"3":{"start":{"line":5,"column":19},"end":{"line":14,"column":41}},"4":{"start":{"line":5,"column":41},"end":{"line":5,"column":62}},"5":{"start":{"line":6,"column":18},"end":{"line":6,"column":19}},"6":{"start":{"line":7,"column":8},"end":{"line":8,"column":21}},"7":{"start":{"line":8,"column":12},"end":{"line":8,"column":21}},"8":{"start":{"line":9,"column":8},"end":{"line":10,"column":21}},"9":{"start":{"line":10,"column":12},"end":{"line":10,"column":21}},"10":{"start":{"line":11,"column":8},"end":{"line":12,"column":21}},"11":{"start":{"line":12,"column":12},"end":{"line":12,"column":21}},"12":{"start":{"line":13,"column":8},"end":{"line":13,"column":19}},"13":{"start":{"line":14,"column":28},"end":{"line":14,"column":37}},"14":{"start":{"line":15,"column":4},"end":{"line":15,"column":18}},"15":{"start":{"line":17,"column":0},"end":{"line":17,"column":38}},"16":{"start":{"line":18,"column":21},"end":{"line":21,"column":1}},"17":{"start":{"line":19,"column":19},"end":{"line":19,"column":63}},"18":{"start":{"line":19,"column":41},"end":{"line":19,"column":62}},"19":{"start":{"line":20,"column":4},"end":{"line":20,"column":25}},"20":{"start":{"line":22,"column":0},"end":{"line":22,"column":36}},"21":{"start":{"line":23,"column":26},"end":{"line":27,"column":1}},"22":{"start":{"line":24,"column":19},"end":{"line":25,"column":59}},"23":{"start":{"line":24,"column":41},"end":{"line":24,"column":62}},"24":{"start":{"line":25,"column":31},"end":{"line":25,"column":55}},"25":{"start":{"line":26,"column":4},"end":{"line":26,"column":18}},"26":{"start":{"line":28,"column":0},"end":{"line":28,"column":46}},"27":{"start":{"line":29,"column":24},"end":{"line":33,"column":1}},"28":{"start":{"line":30,"column":19},"end":{"line":31,"column":59}},"29":{"start":{"line":30,"column":41},"end":{"line":30,"column":62}},"30":{"start":{"line":31,"column":31},"end":{"line":31,"column":55}},"31":{"start":{"line":32,"column":4},"end":{"line":32,"column":18}},"32":{"start":{"line":34,"column":0},"end":{"line":34,"column":42}},"33":{"start":{"line":35,"column":25},"end":{"line":43,"column":1}},"34":{"start":{"line":36,"column":19},"end":{"line":41,"column":43}},"35":{"start":{"line":36,"column":41},"end":{"line":36,"column":62}},"36":{"start":{"line":37,"column":18},"end":{"line":37,"column":19}},"37":{"start":{"line":38,"column":8},"end":{"line":39,"column":21}},"38":{"start":{"line":39,"column":12},"end":{"line":39,"column":21}},"39":{"start":{"line":40,"column":8},"end":{"line":40,"column":19}},"40":{"start":{"line":41,"column":29},"end":{"line":41,"column":39}},"41":{"start":{"line":42,"column":4},"end":{"line":42,"column":18}},"42":{"start":{"line":44,"column":0},"end":{"line":44,"column":44}},"43":{"start":{"line":45,"column":21},"end":{"line":53,"column":1}},"44":{"start":{"line":46,"column":19},"end":{"line":51,"column":43}},"45":{"start":{"line":46,"column":41},"end":{"line":46,"column":62}},"46":{"start":{"line":47,"column":18},"end":{"line":47,"column":19}},"47":{"start":{"line":48,"column":8},"end":{"line":49,"column":21}},"48":{"start":{"line":49,"column":12},"end":{"line":49,"column":21}},"49":{"start":{"line":50,"column":8},"end":{"line":50,"column":19}},"50":{"start":{"line":51,"column":29},"end":{"line":51,"column":39}},"51":{"start":{"line":52,"column":4},"end":{"line":52,"column":18}},"52":{"start":{"line":54,"column":0},"end":{"line":54,"column":36}},"53":{"start":{"line":55,"column":22},"end":{"line":63,"column":1}},"54":{"start":{"line":56,"column":19},"end":{"line":61,"column":43}},"55":{"start":{"line":56,"column":41},"end":{"line":56,"column":62}},"56":{"start":{"line":57,"column":18},"end":{"line":57,"column":19}},"57":{"start":{"line":58,"column":8},"end":{"line":59,"column":21}},"58":{"start":{"line":59,"column":12},"end":{"line":59,"column":21}},"59":{"start":{"line":60,"column":8},"end":{"line":60,"column":19}},"60":{"start":{"line":61,"column":29},"end":{"line":61,"column":39}},"61":{"start":{"line":62,"column":4},"end":{"line":62,"column":18}},"62":{"start":{"line":64,"column":0},"end":{"line":64,"column":38}},"63":{"start":{"line":65,"column":26},"end":{"line":68,"column":1}},"64":{"start":{"line":66,"column":19},"end":{"line":66,"column":47}},"65":{"start":{"line":67,"column":4},"end":{"line":67,"column":37}},"66":{"start":{"line":69,"column":0},"end":{"line":69,"column":46}},"67":{"start":{"line":70,"column":23},"end":{"line":93,"column":1}},"68":{"start":{"line":72,"column":24},"end":{"line":72,"column":67}},"69":{"start":{"line":73,"column":23},"end":{"line":73,"column":65}},"70":{"start":{"line":75,"column":27},"end":{"line":75,"column":73}},"71":{"start":{"line":76,"column":23},"end":{"line":76,"column":65}},"72":{"start":{"line":77,"column":24},"end":{"line":77,"column":67}},"73":{"start":{"line":79,"column":23},"end":{"line":79,"column":70}},"74":{"start":{"line":80,"column":21},"end":{"line":80,"column":66}},"75":{"start":{"line":82,"column":23},"end":{"line":82,"column":78}},"76":{"start":{"line":83,"column":4},"end":{"line":92,"column":21}},"77":{"start":{"line":94,"column":0},"end":{"line":94,"column":33}}},"fnMap":{"0":{"name":"(anonymous_0)","decl":{"start":{"line":4,"column":22},"end":{"line":4,"column":23}},"loc":{"start":{"line":4,"column":41},"end":{"line":16,"column":1}},"line":4},"1":{"name":"(anonymous_1)","decl":{"start":{"line":5,"column":34},"end":{"line":5,"column":35}},"loc":{"start":{"line":5,"column":41},"end":{"line":5,"column":62}},"line":5},"2":{"name":"(anonymous_2)","decl":{"start":{"line":5,"column":68},"end":{"line":5,"column":69}},"loc":{"start":{"line":5,"column":75},"end":{"line":14,"column":5}},"line":5},"3":{"name":"(anonymous_3)","decl":{"start":{"line":14,"column":14},"end":{"line":14,"column":15}},"loc":{"start":{"line":14,"column":28},"end":{"line":14,"column":37}},"line":14},"4":{"name":"(anonymous_4)","decl":{"start":{"line":18,"column":21},"end":{"line":18,"column":22}},"loc":{"start":{"line":18,"column":40},"end":{"line":21,"column":1}},"line":18},"5":{"name":"(anonymous_5)","decl":{"start":{"line":19,"column":34},"end":{"line":19,"column":35}},"loc":{"start":{"line":19,"column":41},"end":{"line":19,"column":62}},"line":19},"6":{"name":"(anonymous_6)","decl":{"start":{"line":23,"column":26},"end":{"line":23,"column":27}},"loc":{"start":{"line":23,"column":45},"end":{"line":27,"column":1}},"line":23},"7":{"name":"(anonymous_7)","decl":{"start":{"line":24,"column":34},"end":{"line":24,"column":35}},"loc":{"start":{"line":24,"column":41},"end":{"line":24,"column":62}},"line":24},"8":{"name":"(anonymous_8)","decl":{"start":{"line":25,"column":16},"end":{"line":25,"column":17}},"loc":{"start":{"line":25,"column":31},"end":{"line":25,"column":55}},"line":25},"9":{"name":"(anonymous_9)","decl":{"start":{"line":29,"column":24},"end":{"line":29,"column":25}},"loc":{"start":{"line":29,"column":43},"end":{"line":33,"column":1}},"line":29},"10":{"name":"(anonymous_10)","decl":{"start":{"line":30,"column":34},"end":{"line":30,"column":35}},"loc":{"start":{"line":30,"column":41},"end":{"line":30,"column":62}},"line":30},"11":{"name":"(anonymous_11)","decl":{"start":{"line":31,"column":16},"end":{"line":31,"column":17}},"loc":{"start":{"line":31,"column":31},"end":{"line":31,"column":55}},"line":31},"12":{"name":"(anonymous_12)","decl":{"start":{"line":35,"column":25},"end":{"line":35,"column":26}},"loc":{"start":{"line":35,"column":44},"end":{"line":43,"column":1}},"line":35},"13":{"name":"(anonymous_13)","decl":{"start":{"line":36,"column":34},"end":{"line":36,"column":35}},"loc":{"start":{"line":36,"column":41},"end":{"line":36,"column":62}},"line":36},"14":{"name":"(anonymous_14)","decl":{"start":{"line":36,"column":68},"end":{"line":36,"column":69}},"loc":{"start":{"line":36,"column":75},"end":{"line":41,"column":5}},"line":36},"15":{"name":"(anonymous_15)","decl":{"start":{"line":41,"column":14},"end":{"line":41,"column":15}},"loc":{"start":{"line":41,"column":29},"end":{"line":41,"column":39}},"line":41},"16":{"name":"(anonymous_16)","decl":{"start":{"line":45,"column":21},"end":{"line":45,"column":22}},"loc":{"start":{"line":45,"column":40},"end":{"line":53,"column":1}},"line":45},"17":{"name":"(anonymous_17)","decl":{"start":{"line":46,"column":34},"end":{"line":46,"column":35}},"loc":{"start":{"line":46,"column":41},"end":{"line":46,"column":62}},"line":46},"18":{"name":"(anonymous_18)","decl":{"start":{"line":46,"column":68},"end":{"line":46,"column":69}},"loc":{"start":{"line":46,"column":75},"end":{"line":51,"column":5}},"line":46},"19":{"name":"(anonymous_19)","decl":{"start":{"line":51,"column":14},"end":{"line":51,"column":15}},"loc":{"start":{"line":51,"column":29},"end":{"line":51,"column":39}},"line":51},"20":{"name":"(anonymous_20)","decl":{"start":{"line":55,"column":22},"end":{"line":55,"column":23}},"loc":{"start":{"line":55,"column":41},"end":{"line":63,"column":1}},"line":55},"21":{"name":"(anonymous_21)","decl":{"start":{"line":56,"column":34},"end":{"line":56,"column":35}},"loc":{"start":{"line":56,"column":41},"end":{"line":56,"column":62}},"line":56},"22":{"name":"(anonymous_22)","decl":{"start":{"line":56,"column":68},"end":{"line":56,"column":69}},"loc":{"start":{"line":56,"column":75},"end":{"line":61,"column":5}},"line":56},"23":{"name":"(anonymous_23)","decl":{"start":{"line":61,"column":14},"end":{"line":61,"column":15}},"loc":{"start":{"line":61,"column":29},"end":{"line":61,"column":39}},"line":61},"24":{"name":"(anonymous_24)","decl":{"start":{"line":65,"column":26},"end":{"line":65,"column":27}},"loc":{"start":{"line":65,"column":45},"end":{"line":68,"column":1}},"line":65},"25":{"name":"(anonymous_25)","decl":{"start":{"line":70,"column":23},"end":{"line":70,"column":24}},"loc":{"start":{"line":70,"column":50},"end":{"line":93,"column":1}},"line":70}},"branchMap":{"0":{"loc":{"start":{"line":7,"column":8},"end":{"line":8,"column":21}},"type":"if","locations":[{"start":{"line":7,"column":8},"end":{"line":8,"column":21}},{"start":{"line":7,"column":8},"end":{"line":8,"column":21}}],"line":7},"1":{"loc":{"start":{"line":9,"column":8},"end":{"line":10,"column":21}},"type":"if","locations":[{"start":{"line":9,"column":8},"end":{"line":10,"column":21}},{"start":{"line":9,"column":8},"end":{"line":10,"column":21}}],"line":9},"2":{"loc":{"start":{"line":11,"column":8},"end":{"line":12,"column":21}},"type":"if","locations":[{"start":{"line":11,"column":8},"end":{"line":12,"column":21}},{"start":{"line":11,"column":8},"end":{"line":12,"column":21}}],"line":11},"3":{"loc":{"start":{"line":38,"column":8},"end":{"line":39,"column":21}},"type":"if","locations":[{"start":{"line":38,"column":8},"end":{"line":39,"column":21}},{"start":{"line":38,"column":8},"end":{"line":39,"column":21}}],"line":38},"4":{"loc":{"start":{"line":48,"column":8},"end":{"line":49,"column":21}},"type":"if","locations":[{"start":{"line":48,"column":8},"end":{"line":49,"column":21}},{"start":{"line":48,"column":8},"end":{"line":49,"column":21}}],"line":48},"5":{"loc":{"start":{"line":58,"column":8},"end":{"line":59,"column":21}},"type":"if","locations":[{"start":{"line":58,"column":8},"end":{"line":59,"column":21}},{"start":{"line":58,"column":8},"end":{"line":59,"column":21}}],"line":58}},"s":{"0":1,"1":1,"2":1,"3":32,"4":1280,"5":80,"6":80,"7":30,"8":80,"9":32,"10":80,"11":18,"12":80,"13":80,"14":32,"15":1,"16":1,"17":32,"18":1280,"19":32,"20":1,"21":1,"22":32,"23":1280,"24":80,"25":32,"26":1,"27":1,"28":32,"29":1280,"30":80,"31":32,"32":1,"33":1,"34":32,"35":1280,"36":80,"37":80,"38":30,"39":80,"40":80,"41":32,"42":1,"43":1,"44":32,"45":1280,"46":80,"47":80,"48":18,"49":80,"50":80,"51":32,"52":1,"53":1,"54":32,"55":1280,"56":80,"57":80,"58":32,"59":80,"60":80,"61":32,"62":1,"63":1,"64":32,"65":32,"66":1,"67":1,"68":32,"69":32,"70":32,"71":32,"72":32,"73":32,"74":32,"75":32,"76":32,"77":1},"f":{"0":32,"1":1280,"2":80,"3":80,"4":32,"5":1280,"6":32,"7":1280,"8":80,"9":32,"10":1280,"11":80,"12":32,"13":1280,"14":80,"15":80,"16":32,"17":1280,"18":80,"19":80,"20":32,"21":1280,"22":80,"23":80,"24":32,"25":32},"b":{"0":[30,50],"1":[32,48],"2":[18,62],"3":[30,50],"4":[18,62],"5":[32,48]},"inputSourceMap":{"version":3,"file":"/home/dev.itor/trybe-projetos/sd-023-b-trybe-futebol-clube/app/backend/src/utils/awayFilters.ts","sources":["/home/dev.itor/trybe-projetos/sd-023-b-trybe-futebol-clube/app/backend/src/utils/awayFilters.ts"],"names":[],"mappings":";;;AAEO,MAAM,aAAa,GAAG,CAAC,IAAW,EAAE,OAAe,EAAE,EAAE;IAC5D,MAAM,MAAM,GAAG,OAAO,CAAC,MAAM,CAAC,CAAC,CAAC,EAAE,EAAE,CAAC,CAAC,CAAC,UAAU,KAAK,IAAI,CAAC,CAAC,GAAG,CAAC,CAAC,CAAC,EAAE,EAAE;QACpE,IAAI,GAAG,GAAG,CAAC,CAAC;QACZ,IAAI,CAAC,CAAC,aAAa,GAAG,CAAC,CAAC,aAAa;YAAE,GAAG,IAAI,CAAC,CAAC;QAChD,IAAI,CAAC,CAAC,aAAa,GAAG,CAAC,CAAC,aAAa;YAAE,GAAG,IAAI,CAAC,CAAC;QAChD,IAAI,CAAC,CAAC,aAAa,KAAK,CAAC,CAAC,aAAa;YAAE,GAAG,IAAI,CAAC,CAAC;QAClD,OAAO,GAAG,CAAC;IACb,CAAC,CAAC,CAAC,MAAM,CAAC,CAAC,GAAG,EAAE,GAAG,EAAE,EAAE,CAAC,GAAG,GAAG,GAAG,EAAE,CAAC,CAAC,CAAC;IAEtC,OAAO,MAAM,CAAC;AAChB,CAAC,CAAC;AAVW,QAAA,aAAa,iBAUxB;AAEK,MAAM,YAAY,GAAG,CAAC,IAAW,EAAE,OAAe,EAAE,EAAE;IAC3D,MAAM,MAAM,GAAG,OAAO,CAAC,MAAM,CAAC,CAAC,CAAC,EAAE,EAAE,CAAC,CAAC,CAAC,UAAU,KAAK,IAAI,CAAC,CAAC;IAE5D,OAAO,MAAM,CAAC,MAAM,CAAC;AACvB,CAAC,CAAC;AAJW,QAAA,YAAY,gBAIvB;AAEK,MAAM,iBAAiB,GAAG,CAAC,IAAW,EAAE,OAAe,EAAE,EAAE;IAChE,MAAM,MAAM,GAAG,OAAO,CAAC,MAAM,CAAC,CAAC,CAAC,EAAE,EAAE,CAAC,CAAC,CAAC,UAAU,KAAK,IAAI,CAAC;SACxD,MAAM,CAAC,CAAC,GAAG,EAAE,IAAI,EAAE,EAAE,CAAC,GAAG,GAAG,IAAI,CAAC,aAAa,EAAE,CAAC,CAAC,CAAC;IAEtD,OAAO,MAAM,CAAC;AAChB,CAAC,CAAC;AALW,QAAA,iBAAiB,qBAK5B;AAEK,MAAM,eAAe,GAAG,CAAC,IAAW,EAAE,OAAe,EAAE,EAAE;IAC9D,MAAM,MAAM,GAAG,OAAO,CAAC,MAAM,CAAC,CAAC,CAAC,EAAE,EAAE,CAAC,CAAC,CAAC,UAAU,KAAK,IAAI,CAAC;SACxD,MAAM,CAAC,CAAC,GAAG,EAAE,IAAI,EAAE,EAAE,CAAC,GAAG,GAAG,IAAI,CAAC,aAAa,EAAE,CAAC,CAAC,CAAC;IAEtD,OAAO,MAAM,CAAC;AAChB,CAAC,CAAC;AALW,QAAA,eAAe,mBAK1B;AAEK,MAAM,gBAAgB,GAAG,CAAC,IAAW,EAAE,OAAe,EAAE,EAAE;IAC/D,MAAM,MAAM,GAAG,OAAO,CAAC,MAAM,CAAC,CAAC,CAAC,EAAE,EAAE,CAAC,CAAC,CAAC,UAAU,KAAK,IAAI,CAAC,CAAC,GAAG,CAAC,CAAC,CAAC,EAAE,EAAE;QACpE,IAAI,GAAG,GAAG,CAAC,CAAC;QACZ,IAAI,CAAC,CAAC,aAAa,GAAG,CAAC,CAAC,aAAa;YAAE,GAAG,IAAI,CAAC,CAAC;QAChD,OAAO,GAAG,CAAC;IACb,CAAC,CAAC,CAAC,MAAM,CAAC,CAAC,GAAG,EAAE,IAAI,EAAE,EAAE,CAAC,GAAG,GAAG,IAAI,EAAE,CAAC,CAAC,CAAC;IAExC,OAAO,MAAM,CAAC;AAChB,CAAC,CAAC;AARW,QAAA,gBAAgB,oBAQ3B;AAEK,MAAM,YAAY,GAAG,CAAC,IAAW,EAAE,OAAe,EAAE,EAAE;IAC3D,MAAM,MAAM,GAAG,OAAO,CAAC,MAAM,CAAC,CAAC,CAAC,EAAE,EAAE,CAAC,CAAC,CAAC,UAAU,KAAK,IAAI,CAAC,CAAC,GAAG,CAAC,CAAC,CAAC,EAAE,EAAE;QACpE,IAAI,GAAG,GAAG,CAAC,CAAC;QACZ,IAAI,CAAC,CAAC,aAAa,KAAK,CAAC,CAAC,aAAa;YAAE,GAAG,IAAI,CAAC,CAAC;QAClD,OAAO,GAAG,CAAC;IACb,CAAC,CAAC,CAAC,MAAM,CAAC,CAAC,GAAG,EAAE,IAAI,EAAE,EAAE,CAAC,GAAG,GAAG,IAAI,EAAE,CAAC,CAAC,CAAC;IAExC,OAAO,MAAM,CAAC;AAChB,CAAC,CAAC;AARW,QAAA,YAAY,gBAQvB;AAEK,MAAM,aAAa,GAAG,CAAC,IAAW,EAAE,OAAe,EAAE,EAAE;IAC5D,MAAM,MAAM,GAAG,OAAO,CAAC,MAAM,CAAC,CAAC,CAAC,EAAE,EAAE,CAAC,CAAC,CAAC,UAAU,KAAK,IAAI,CAAC,CAAC,GAAG,CAAC,CAAC,CAAC,EAAE,EAAE;QACpE,IAAI,GAAG,GAAG,CAAC,CAAC;QACZ,IAAI,CAAC,CAAC,aAAa,GAAG,CAAC,CAAC,aAAa;YAAE,GAAG,IAAI,CAAC,CAAC;QAChD,OAAO,GAAG,CAAC;IACb,CAAC,CAAC,CAAC,MAAM,CAAC,CAAC,GAAG,EAAE,IAAI,EAAE,EAAE,CAAC,GAAG,GAAG,IAAI,EAAE,CAAC,CAAC,CAAC;IAExC,OAAO,MAAM,CAAC;AAChB,CAAC,CAAC;AARW,QAAA,aAAa,iBAQxB;AAEK,MAAM,iBAAiB,GAAG,CAAC,MAAa,EAAE,KAAY,EAAE,EAAE;IAC/D,MAAM,MAAM,GAAG,CAAC,MAAM,GAAG,CAAC,KAAK,GAAG,CAAC,CAAC,CAAC,GAAG,GAAG,CAAC;IAE5C,OAAO,MAAM,CAAC,MAAM,CAAC,OAAO,CAAC,CAAC,CAAC,CAAC,CAAC;AACnC,CAAC,CAAC;AAJW,QAAA,iBAAiB,qBAI5B;AAEF,MAAM,cAAc,GAAG,CAAC,MAAa,EAAE,IAAW,EAAE,OAAe,EAAE,EAAE;IACrE,+CAA+C;IAC/C,MAAM,WAAW,GAAG,IAAA,qBAAa,EAAC,MAAM,EAAE,OAAO,CAAC,CAAC;IACnD,MAAM,UAAU,GAAG,IAAA,oBAAY,EAAC,MAAM,EAAE,OAAO,CAAC,CAAC;IACjD,kEAAkE;IAClE,MAAM,cAAc,GAAG,IAAA,wBAAgB,EAAC,MAAM,EAAE,OAAO,CAAC,CAAC;IACzD,MAAM,UAAU,GAAG,IAAA,oBAAY,EAAC,MAAM,EAAE,OAAO,CAAC,CAAC;IACjD,MAAM,WAAW,GAAG,IAAA,qBAAa,EAAC,MAAM,EAAE,OAAO,CAAC,CAAC;IACnD,wEAAwE;IACxE,MAAM,UAAU,GAAG,IAAA,yBAAiB,EAAC,MAAM,EAAE,OAAO,CAAC,CAAC;IACtD,MAAM,QAAQ,GAAG,IAAA,uBAAe,EAAC,MAAM,EAAE,OAAO,CAAC,CAAC;IAClD,+BAA+B;IAC/B,MAAM,UAAU,GAAG,IAAA,yBAAiB,EAAC,WAAW,EAAE,UAAU,CAAC,CAAC;IAC9D,OAAO,EAAE,IAAI;QACX,WAAW;QACX,UAAU;QACV,cAAc;QACd,UAAU;QACV,WAAW;QACX,UAAU;QACV,QAAQ;QACR,YAAY,EAAE,UAAU,GAAG,QAAQ;QACnC,UAAU,EAAE,CAAC;AACjB,CAAC,CAAC;AAEF,kBAAe,cAAc,CAAC","sourcesContent":["import Match from '../database/models/Match';\n\nexport const getAwayPoints = (team:number, matches:Match[]) => {\n  const result = matches.filter((e) => e.awayTeamId === team).map((e) => {\n    let sum = 0;\n    if (e.homeTeamGoals < e.awayTeamGoals) sum += 3;\n    if (e.homeTeamGoals > e.awayTeamGoals) sum += 0;\n    if (e.homeTeamGoals === e.awayTeamGoals) sum += 1;\n    return sum;\n  }).reduce((sum, crr) => sum + crr, 0);\n\n  return result;\n};\n\nexport const getAwayGames = (team:number, matches:Match[]) => {\n  const result = matches.filter((e) => e.awayTeamId === team);\n\n  return result.length;\n};\n\nexport const getAwayGoalsFavor = (team:number, matches:Match[]) => {\n  const result = matches.filter((e) => e.awayTeamId === team)\n    .reduce((sum, curr) => sum + curr.awayTeamGoals, 0);\n\n  return result;\n};\n\nexport const getAwayGoalsOwn = (team:number, matches:Match[]) => {\n  const result = matches.filter((e) => e.awayTeamId === team)\n    .reduce((sum, curr) => sum + curr.homeTeamGoals, 0);\n\n  return result;\n};\n\nexport const getAwayVictories = (team:number, matches:Match[]) => {\n  const result = matches.filter((e) => e.awayTeamId === team).map((e) => {\n    let sum = 0;\n    if (e.awayTeamGoals > e.homeTeamGoals) sum += 1;\n    return sum;\n  }).reduce((sum, curr) => sum + curr, 0);\n\n  return result;\n};\n\nexport const getAwayDraws = (team:number, matches:Match[]) => {\n  const result = matches.filter((e) => e.awayTeamId === team).map((e) => {\n    let sum = 0;\n    if (e.awayTeamGoals === e.homeTeamGoals) sum += 1;\n    return sum;\n  }).reduce((sum, curr) => sum + curr, 0);\n\n  return result;\n};\n\nexport const getAwayLosses = (team:number, matches:Match[]) => {\n  const result = matches.filter((e) => e.awayTeamId === team).map((e) => {\n    let sum = 0;\n    if (e.awayTeamGoals < e.homeTeamGoals) sum += 1;\n    return sum;\n  }).reduce((ttl, curr) => ttl + curr, 0);\n\n  return result;\n};\n\nexport const getAwayEfficiency = (points:number, games:number) => {\n  const result = (points / (games * 3)) * 100;\n\n  return Number(result.toFixed(2));\n};\n\nconst getAwayResults = (teamId:number, name:string, matches:Match[]) => {\n  // chama o metodo de getAwayPoints e totalGames\n  const totalPoints = getAwayPoints(teamId, matches);\n  const totalGames = getAwayGames(teamId, matches);\n  // chama o metodo de getAwayVictories, getAwayDraws, getAwayLosses\n  const totalVictories = getAwayVictories(teamId, matches);\n  const totalDraws = getAwayDraws(teamId, matches);\n  const totalLosses = getAwayLosses(teamId, matches);\n  // chama o metodo de getAwayGoalsFavor, getAwayGoalsOwn, getGoalsBalance\n  const goalsFavor = getAwayGoalsFavor(teamId, matches);\n  const goalsOwn = getAwayGoalsOwn(teamId, matches);\n  // chama o metodo de getAcuracy\n  const efficiency = getAwayEfficiency(totalPoints, totalGames);\n  return { name,\n    totalPoints,\n    totalGames,\n    totalVictories,\n    totalDraws,\n    totalLosses,\n    goalsFavor,\n    goalsOwn,\n    goalsBalance: goalsFavor - goalsOwn,\n    efficiency };\n};\n\nexport default getAwayResults;\n"]},"_coverageSchema":"1a1c01bbd47fc00a2c39e90264f33305004495a9","hash":"09c36d8661e25e5fd40a2d9324d539505710c245"},"/home/dev.itor/trybe-projetos/sd-023-b-trybe-futebol-clube/app/backend/src/utils/homeFilters.ts":{"path":"/home/dev.itor/trybe-projetos/sd-023-b-trybe-futebol-clube/app/backend/src/utils/homeFilters.ts","statementMap":{"0":{"start":{"line":2,"column":0},"end":{"line":2,"column":62}},"1":{"start":{"line":3,"column":22},"end":{"line":15,"column":1}},"2":{"start":{"line":4,"column":19},"end":{"line":13,"column":41}},"3":{"start":{"line":4,"column":41},"end":{"line":4,"column":62}},"4":{"start":{"line":5,"column":18},"end":{"line":5,"column":19}},"5":{"start":{"line":6,"column":8},"end":{"line":7,"column":21}},"6":{"start":{"line":7,"column":12},"end":{"line":7,"column":21}},"7":{"start":{"line":8,"column":8},"end":{"line":9,"column":21}},"8":{"start":{"line":9,"column":12},"end":{"line":9,"column":21}},"9":{"start":{"line":10,"column":8},"end":{"line":11,"column":21}},"10":{"start":{"line":11,"column":12},"end":{"line":11,"column":21}},"11":{"start":{"line":12,"column":8},"end":{"line":12,"column":19}},"12":{"start":{"line":13,"column":28},"end":{"line":13,"column":37}},"13":{"start":{"line":14,"column":4},"end":{"line":14,"column":18}},"14":{"start":{"line":16,"column":21},"end":{"line":19,"column":1}},"15":{"start":{"line":17,"column":19},"end":{"line":17,"column":63}},"16":{"start":{"line":17,"column":41},"end":{"line":17,"column":62}},"17":{"start":{"line":18,"column":4},"end":{"line":18,"column":25}},"18":{"start":{"line":20,"column":26},"end":{"line":24,"column":1}},"19":{"start":{"line":21,"column":19},"end":{"line":22,"column":59}},"20":{"start":{"line":21,"column":41},"end":{"line":21,"column":62}},"21":{"start":{"line":22,"column":31},"end":{"line":22,"column":55}},"22":{"start":{"line":23,"column":4},"end":{"line":23,"column":18}},"23":{"start":{"line":25,"column":24},"end":{"line":29,"column":1}},"24":{"start":{"line":26,"column":19},"end":{"line":27,"column":59}},"25":{"start":{"line":26,"column":41},"end":{"line":26,"column":62}},"26":{"start":{"line":27,"column":31},"end":{"line":27,"column":55}},"27":{"start":{"line":28,"column":4},"end":{"line":28,"column":18}},"28":{"start":{"line":30,"column":25},"end":{"line":38,"column":1}},"29":{"start":{"line":31,"column":19},"end":{"line":36,"column":43}},"30":{"start":{"line":31,"column":41},"end":{"line":31,"column":62}},"31":{"start":{"line":32,"column":18},"end":{"line":32,"column":19}},"32":{"start":{"line":33,"column":8},"end":{"line":34,"column":21}},"33":{"start":{"line":34,"column":12},"end":{"line":34,"column":21}},"34":{"start":{"line":35,"column":8},"end":{"line":35,"column":19}},"35":{"start":{"line":36,"column":29},"end":{"line":36,"column":39}},"36":{"start":{"line":37,"column":4},"end":{"line":37,"column":18}},"37":{"start":{"line":39,"column":21},"end":{"line":47,"column":1}},"38":{"start":{"line":40,"column":19},"end":{"line":45,"column":43}},"39":{"start":{"line":40,"column":41},"end":{"line":40,"column":62}},"40":{"start":{"line":41,"column":18},"end":{"line":41,"column":19}},"41":{"start":{"line":42,"column":8},"end":{"line":43,"column":21}},"42":{"start":{"line":43,"column":12},"end":{"line":43,"column":21}},"43":{"start":{"line":44,"column":8},"end":{"line":44,"column":19}},"44":{"start":{"line":45,"column":29},"end":{"line":45,"column":39}},"45":{"start":{"line":46,"column":4},"end":{"line":46,"column":18}},"46":{"start":{"line":48,"column":22},"end":{"line":56,"column":1}},"47":{"start":{"line":49,"column":19},"end":{"line":54,"column":43}},"48":{"start":{"line":49,"column":41},"end":{"line":49,"column":62}},"49":{"start":{"line":50,"column":18},"end":{"line":50,"column":19}},"50":{"start":{"line":51,"column":8},"end":{"line":52,"column":21}},"51":{"start":{"line":52,"column":12},"end":{"line":52,"column":21}},"52":{"start":{"line":53,"column":8},"end":{"line":53,"column":19}},"53":{"start":{"line":54,"column":29},"end":{"line":54,"column":39}},"54":{"start":{"line":55,"column":4},"end":{"line":55,"column":18}},"55":{"start":{"line":57,"column":26},"end":{"line":60,"column":1}},"56":{"start":{"line":58,"column":19},"end":{"line":58,"column":47}},"57":{"start":{"line":59,"column":4},"end":{"line":59,"column":37}},"58":{"start":{"line":61,"column":23},"end":{"line":84,"column":1}},"59":{"start":{"line":63,"column":24},"end":{"line":63,"column":54}},"60":{"start":{"line":64,"column":23},"end":{"line":64,"column":52}},"61":{"start":{"line":66,"column":27},"end":{"line":66,"column":60}},"62":{"start":{"line":67,"column":23},"end":{"line":67,"column":52}},"63":{"start":{"line":68,"column":24},"end":{"line":68,"column":54}},"64":{"start":{"line":70,"column":23},"end":{"line":70,"column":57}},"65":{"start":{"line":71,"column":21},"end":{"line":71,"column":53}},"66":{"start":{"line":73,"column":23},"end":{"line":73,"column":65}},"67":{"start":{"line":74,"column":4},"end":{"line":83,"column":21}},"68":{"start":{"line":85,"column":0},"end":{"line":85,"column":33}}},"fnMap":{"0":{"name":"(anonymous_0)","decl":{"start":{"line":3,"column":22},"end":{"line":3,"column":23}},"loc":{"start":{"line":3,"column":41},"end":{"line":15,"column":1}},"line":3},"1":{"name":"(anonymous_1)","decl":{"start":{"line":4,"column":34},"end":{"line":4,"column":35}},"loc":{"start":{"line":4,"column":41},"end":{"line":4,"column":62}},"line":4},"2":{"name":"(anonymous_2)","decl":{"start":{"line":4,"column":68},"end":{"line":4,"column":69}},"loc":{"start":{"line":4,"column":75},"end":{"line":13,"column":5}},"line":4},"3":{"name":"(anonymous_3)","decl":{"start":{"line":13,"column":14},"end":{"line":13,"column":15}},"loc":{"start":{"line":13,"column":28},"end":{"line":13,"column":37}},"line":13},"4":{"name":"(anonymous_4)","decl":{"start":{"line":16,"column":21},"end":{"line":16,"column":22}},"loc":{"start":{"line":16,"column":40},"end":{"line":19,"column":1}},"line":16},"5":{"name":"(anonymous_5)","decl":{"start":{"line":17,"column":34},"end":{"line":17,"column":35}},"loc":{"start":{"line":17,"column":41},"end":{"line":17,"column":62}},"line":17},"6":{"name":"(anonymous_6)","decl":{"start":{"line":20,"column":26},"end":{"line":20,"column":27}},"loc":{"start":{"line":20,"column":45},"end":{"line":24,"column":1}},"line":20},"7":{"name":"(anonymous_7)","decl":{"start":{"line":21,"column":34},"end":{"line":21,"column":35}},"loc":{"start":{"line":21,"column":41},"end":{"line":21,"column":62}},"line":21},"8":{"name":"(anonymous_8)","decl":{"start":{"line":22,"column":16},"end":{"line":22,"column":17}},"loc":{"start":{"line":22,"column":31},"end":{"line":22,"column":55}},"line":22},"9":{"name":"(anonymous_9)","decl":{"start":{"line":25,"column":24},"end":{"line":25,"column":25}},"loc":{"start":{"line":25,"column":43},"end":{"line":29,"column":1}},"line":25},"10":{"name":"(anonymous_10)","decl":{"start":{"line":26,"column":34},"end":{"line":26,"column":35}},"loc":{"start":{"line":26,"column":41},"end":{"line":26,"column":62}},"line":26},"11":{"name":"(anonymous_11)","decl":{"start":{"line":27,"column":16},"end":{"line":27,"column":17}},"loc":{"start":{"line":27,"column":31},"end":{"line":27,"column":55}},"line":27},"12":{"name":"(anonymous_12)","decl":{"start":{"line":30,"column":25},"end":{"line":30,"column":26}},"loc":{"start":{"line":30,"column":44},"end":{"line":38,"column":1}},"line":30},"13":{"name":"(anonymous_13)","decl":{"start":{"line":31,"column":34},"end":{"line":31,"column":35}},"loc":{"start":{"line":31,"column":41},"end":{"line":31,"column":62}},"line":31},"14":{"name":"(anonymous_14)","decl":{"start":{"line":31,"column":68},"end":{"line":31,"column":69}},"loc":{"start":{"line":31,"column":75},"end":{"line":36,"column":5}},"line":31},"15":{"name":"(anonymous_15)","decl":{"start":{"line":36,"column":14},"end":{"line":36,"column":15}},"loc":{"start":{"line":36,"column":29},"end":{"line":36,"column":39}},"line":36},"16":{"name":"(anonymous_16)","decl":{"start":{"line":39,"column":21},"end":{"line":39,"column":22}},"loc":{"start":{"line":39,"column":40},"end":{"line":47,"column":1}},"line":39},"17":{"name":"(anonymous_17)","decl":{"start":{"line":40,"column":34},"end":{"line":40,"column":35}},"loc":{"start":{"line":40,"column":41},"end":{"line":40,"column":62}},"line":40},"18":{"name":"(anonymous_18)","decl":{"start":{"line":40,"column":68},"end":{"line":40,"column":69}},"loc":{"start":{"line":40,"column":75},"end":{"line":45,"column":5}},"line":40},"19":{"name":"(anonymous_19)","decl":{"start":{"line":45,"column":14},"end":{"line":45,"column":15}},"loc":{"start":{"line":45,"column":29},"end":{"line":45,"column":39}},"line":45},"20":{"name":"(anonymous_20)","decl":{"start":{"line":48,"column":22},"end":{"line":48,"column":23}},"loc":{"start":{"line":48,"column":41},"end":{"line":56,"column":1}},"line":48},"21":{"name":"(anonymous_21)","decl":{"start":{"line":49,"column":34},"end":{"line":49,"column":35}},"loc":{"start":{"line":49,"column":41},"end":{"line":49,"column":62}},"line":49},"22":{"name":"(anonymous_22)","decl":{"start":{"line":49,"column":68},"end":{"line":49,"column":69}},"loc":{"start":{"line":49,"column":75},"end":{"line":54,"column":5}},"line":49},"23":{"name":"(anonymous_23)","decl":{"start":{"line":54,"column":14},"end":{"line":54,"column":15}},"loc":{"start":{"line":54,"column":29},"end":{"line":54,"column":39}},"line":54},"24":{"name":"(anonymous_24)","decl":{"start":{"line":57,"column":26},"end":{"line":57,"column":27}},"loc":{"start":{"line":57,"column":45},"end":{"line":60,"column":1}},"line":57},"25":{"name":"(anonymous_25)","decl":{"start":{"line":61,"column":23},"end":{"line":61,"column":24}},"loc":{"start":{"line":61,"column":50},"end":{"line":84,"column":1}},"line":61}},"branchMap":{"0":{"loc":{"start":{"line":6,"column":8},"end":{"line":7,"column":21}},"type":"if","locations":[{"start":{"line":6,"column":8},"end":{"line":7,"column":21}},{"start":{"line":6,"column":8},"end":{"line":7,"column":21}}],"line":6},"1":{"loc":{"start":{"line":8,"column":8},"end":{"line":9,"column":21}},"type":"if","locations":[{"start":{"line":8,"column":8},"end":{"line":9,"column":21}},{"start":{"line":8,"column":8},"end":{"line":9,"column":21}}],"line":8},"2":{"loc":{"start":{"line":10,"column":8},"end":{"line":11,"column":21}},"type":"if","locations":[{"start":{"line":10,"column":8},"end":{"line":11,"column":21}},{"start":{"line":10,"column":8},"end":{"line":11,"column":21}}],"line":10},"3":{"loc":{"start":{"line":33,"column":8},"end":{"line":34,"column":21}},"type":"if","locations":[{"start":{"line":33,"column":8},"end":{"line":34,"column":21}},{"start":{"line":33,"column":8},"end":{"line":34,"column":21}}],"line":33},"4":{"loc":{"start":{"line":42,"column":8},"end":{"line":43,"column":21}},"type":"if","locations":[{"start":{"line":42,"column":8},"end":{"line":43,"column":21}},{"start":{"line":42,"column":8},"end":{"line":43,"column":21}}],"line":42},"5":{"loc":{"start":{"line":51,"column":8},"end":{"line":52,"column":21}},"type":"if","locations":[{"start":{"line":51,"column":8},"end":{"line":52,"column":21}},{"start":{"line":51,"column":8},"end":{"line":52,"column":21}}],"line":51}},"s":{"0":1,"1":1,"2":32,"3":1280,"4":80,"5":80,"6":32,"7":80,"8":30,"9":80,"10":18,"11":80,"12":80,"13":32,"14":1,"15":32,"16":1280,"17":32,"18":1,"19":32,"20":1280,"21":80,"22":32,"23":1,"24":32,"25":1280,"26":80,"27":32,"28":1,"29":32,"30":1280,"31":80,"32":80,"33":32,"34":80,"35":80,"36":32,"37":1,"38":32,"39":1280,"40":80,"41":80,"42":18,"43":80,"44":80,"45":32,"46":1,"47":32,"48":1280,"49":80,"50":80,"51":30,"52":80,"53":80,"54":32,"55":1,"56":32,"57":32,"58":1,"59":32,"60":32,"61":32,"62":32,"63":32,"64":32,"65":32,"66":32,"67":32,"68":1},"f":{"0":32,"1":1280,"2":80,"3":80,"4":32,"5":1280,"6":32,"7":1280,"8":80,"9":32,"10":1280,"11":80,"12":32,"13":1280,"14":80,"15":80,"16":32,"17":1280,"18":80,"19":80,"20":32,"21":1280,"22":80,"23":80,"24":32,"25":32},"b":{"0":[32,48],"1":[30,50],"2":[18,62],"3":[32,48],"4":[18,62],"5":[30,50]},"inputSourceMap":{"version":3,"file":"/home/dev.itor/trybe-projetos/sd-023-b-trybe-futebol-clube/app/backend/src/utils/homeFilters.ts","sources":["/home/dev.itor/trybe-projetos/sd-023-b-trybe-futebol-clube/app/backend/src/utils/homeFilters.ts"],"names":[],"mappings":";;AAEA,MAAM,aAAa,GAAG,CAAC,IAAW,EAAE,OAAe,EAAE,EAAE;IACrD,MAAM,MAAM,GAAG,OAAO,CAAC,MAAM,CAAC,CAAC,CAAC,EAAE,EAAE,CAAC,CAAC,CAAC,UAAU,KAAK,IAAI,CAAC,CAAC,GAAG,CAAC,CAAC,CAAC,EAAE,EAAE;QACpE,IAAI,GAAG,GAAG,CAAC,CAAC;QACZ,IAAI,CAAC,CAAC,aAAa,GAAG,CAAC,CAAC,aAAa;YAAE,GAAG,IAAI,CAAC,CAAC;QAChD,IAAI,CAAC,CAAC,aAAa,GAAG,CAAC,CAAC,aAAa;YAAE,GAAG,IAAI,CAAC,CAAC;QAChD,IAAI,CAAC,CAAC,aAAa,KAAK,CAAC,CAAC,aAAa;YAAE,GAAG,IAAI,CAAC,CAAC;QAClD,OAAO,GAAG,CAAC;IACb,CAAC,CAAC,CAAC,MAAM,CAAC,CAAC,GAAG,EAAE,GAAG,EAAE,EAAE,CAAC,GAAG,GAAG,GAAG,EAAE,CAAC,CAAC,CAAC;IAEtC,OAAO,MAAM,CAAC;AAChB,CAAC,CAAC;AAEF,MAAM,YAAY,GAAG,CAAC,IAAW,EAAE,OAAe,EAAE,EAAE;IACpD,MAAM,MAAM,GAAG,OAAO,CAAC,MAAM,CAAC,CAAC,CAAC,EAAE,EAAE,CAAC,CAAC,CAAC,UAAU,KAAK,IAAI,CAAC,CAAC;IAE5D,OAAO,MAAM,CAAC,MAAM,CAAC;AACvB,CAAC,CAAC;AAEF,MAAM,iBAAiB,GAAG,CAAC,IAAW,EAAE,OAAe,EAAE,EAAE;IACzD,MAAM,MAAM,GAAG,OAAO,CAAC,MAAM,CAAC,CAAC,CAAC,EAAE,EAAE,CAAC,CAAC,CAAC,UAAU,KAAK,IAAI,CAAC;SACxD,MAAM,CAAC,CAAC,GAAG,EAAE,IAAI,EAAE,EAAE,CAAC,GAAG,GAAG,IAAI,CAAC,aAAa,EAAE,CAAC,CAAC,CAAC;IAEtD,OAAO,MAAM,CAAC;AAChB,CAAC,CAAC;AAEF,MAAM,eAAe,GAAG,CAAC,IAAW,EAAE,OAAe,EAAE,EAAE;IACvD,MAAM,MAAM,GAAG,OAAO,CAAC,MAAM,CAAC,CAAC,CAAC,EAAE,EAAE,CAAC,CAAC,CAAC,UAAU,KAAK,IAAI,CAAC;SACxD,MAAM,CAAC,CAAC,GAAG,EAAE,IAAI,EAAE,EAAE,CAAC,GAAG,GAAG,IAAI,CAAC,aAAa,EAAE,CAAC,CAAC,CAAC;IAEtD,OAAO,MAAM,CAAC;AAChB,CAAC,CAAC;AAEF,MAAM,gBAAgB,GAAG,CAAC,IAAW,EAAE,OAAe,EAAE,EAAE;IACxD,MAAM,MAAM,GAAG,OAAO,CAAC,MAAM,CAAC,CAAC,CAAC,EAAE,EAAE,CAAC,CAAC,CAAC,UAAU,KAAK,IAAI,CAAC,CAAC,GAAG,CAAC,CAAC,CAAC,EAAE,EAAE;QACpE,IAAI,GAAG,GAAG,CAAC,CAAC;QACZ,IAAI,CAAC,CAAC,aAAa,GAAG,CAAC,CAAC,aAAa;YAAE,GAAG,IAAI,CAAC,CAAC;QAChD,OAAO,GAAG,CAAC;IACb,CAAC,CAAC,CAAC,MAAM,CAAC,CAAC,GAAG,EAAE,IAAI,EAAE,EAAE,CAAC,GAAG,GAAG,IAAI,EAAE,CAAC,CAAC,CAAC;IAExC,OAAO,MAAM,CAAC;AAChB,CAAC,CAAC;AAEF,MAAM,YAAY,GAAG,CAAC,IAAW,EAAE,OAAe,EAAE,EAAE;IACpD,MAAM,MAAM,GAAG,OAAO,CAAC,MAAM,CAAC,CAAC,CAAC,EAAE,EAAE,CAAC,CAAC,CAAC,UAAU,KAAK,IAAI,CAAC,CAAC,GAAG,CAAC,CAAC,CAAC,EAAE,EAAE;QACpE,IAAI,GAAG,GAAG,CAAC,CAAC;QACZ,IAAI,CAAC,CAAC,aAAa,KAAK,CAAC,CAAC,aAAa;YAAE,GAAG,IAAI,CAAC,CAAC;QAClD,OAAO,GAAG,CAAC;IACb,CAAC,CAAC,CAAC,MAAM,CAAC,CAAC,GAAG,EAAE,IAAI,EAAE,EAAE,CAAC,GAAG,GAAG,IAAI,EAAE,CAAC,CAAC,CAAC;IAExC,OAAO,MAAM,CAAC;AAChB,CAAC,CAAC;AAEF,MAAM,aAAa,GAAG,CAAC,IAAW,EAAE,OAAe,EAAE,EAAE;IACrD,MAAM,MAAM,GAAG,OAAO,CAAC,MAAM,CAAC,CAAC,CAAC,EAAE,EAAE,CAAC,CAAC,CAAC,UAAU,KAAK,IAAI,CAAC,CAAC,GAAG,CAAC,CAAC,CAAC,EAAE,EAAE;QACpE,IAAI,GAAG,GAAG,CAAC,CAAC;QACZ,IAAI,CAAC,CAAC,aAAa,GAAG,CAAC,CAAC,aAAa;YAAE,GAAG,IAAI,CAAC,CAAC;QAChD,OAAO,GAAG,CAAC;IACb,CAAC,CAAC,CAAC,MAAM,CAAC,CAAC,GAAG,EAAE,IAAI,EAAE,EAAE,CAAC,GAAG,GAAG,IAAI,EAAE,CAAC,CAAC,CAAC;IAExC,OAAO,MAAM,CAAC;AAChB,CAAC,CAAC;AAEF,MAAM,iBAAiB,GAAG,CAAC,MAAa,EAAE,KAAY,EAAE,EAAE;IACxD,MAAM,MAAM,GAAG,CAAC,MAAM,GAAG,CAAC,KAAK,GAAG,CAAC,CAAC,CAAC,GAAG,GAAG,CAAC;IAE5C,OAAO,MAAM,CAAC,MAAM,CAAC,OAAO,CAAC,CAAC,CAAC,CAAC,CAAC;AACnC,CAAC,CAAC;AAEF,MAAM,cAAc,GAAG,CAAC,MAAa,EAAE,IAAW,EAAE,OAAe,EAAE,EAAE;IACrE,+CAA+C;IAC/C,MAAM,WAAW,GAAG,aAAa,CAAC,MAAM,EAAE,OAAO,CAAC,CAAC;IACnD,MAAM,UAAU,GAAG,YAAY,CAAC,MAAM,EAAE,OAAO,CAAC,CAAC;IACjD,kEAAkE;IAClE,MAAM,cAAc,GAAG,gBAAgB,CAAC,MAAM,EAAE,OAAO,CAAC,CAAC;IACzD,MAAM,UAAU,GAAG,YAAY,CAAC,MAAM,EAAE,OAAO,CAAC,CAAC;IACjD,MAAM,WAAW,GAAG,aAAa,CAAC,MAAM,EAAE,OAAO,CAAC,CAAC;IACnD,wEAAwE;IACxE,MAAM,UAAU,GAAG,iBAAiB,CAAC,MAAM,EAAE,OAAO,CAAC,CAAC;IACtD,MAAM,QAAQ,GAAG,eAAe,CAAC,MAAM,EAAE,OAAO,CAAC,CAAC;IAClD,+BAA+B;IAC/B,MAAM,UAAU,GAAG,iBAAiB,CAAC,WAAW,EAAE,UAAU,CAAC,CAAC;IAC9D,OAAO,EAAE,IAAI;QACX,WAAW;QACX,UAAU;QACV,cAAc;QACd,UAAU;QACV,WAAW;QACX,UAAU;QACV,QAAQ;QACR,YAAY,EAAE,UAAU,GAAG,QAAQ;QACnC,UAAU,EAAE,CAAC;AACjB,CAAC,CAAC;AAEF,kBAAe,cAAc,CAAC","sourcesContent":["import Match from '../database/models/Match';\n\nconst getHomePoints = (team:number, matches:Match[]) => {\n  const result = matches.filter((e) => e.homeTeamId === team).map((e) => {\n    let sum = 0;\n    if (e.homeTeamGoals > e.awayTeamGoals) sum += 3;\n    if (e.homeTeamGoals < e.awayTeamGoals) sum += 0;\n    if (e.homeTeamGoals === e.awayTeamGoals) sum += 1;\n    return sum;\n  }).reduce((sum, crr) => sum + crr, 0);\n\n  return result;\n};\n\nconst getHomeGames = (team:number, matches:Match[]) => {\n  const result = matches.filter((e) => e.homeTeamId === team);\n\n  return result.length;\n};\n\nconst getHomeGoalsFavor = (team:number, matches:Match[]) => {\n  const result = matches.filter((e) => e.homeTeamId === team)\n    .reduce((sum, curr) => sum + curr.homeTeamGoals, 0);\n\n  return result;\n};\n\nconst getHomeGoalsOwn = (team:number, matches:Match[]) => {\n  const result = matches.filter((e) => e.homeTeamId === team)\n    .reduce((sum, curr) => sum + curr.awayTeamGoals, 0);\n\n  return result;\n};\n\nconst getHomeVictories = (team:number, matches:Match[]) => {\n  const result = matches.filter((e) => e.homeTeamId === team).map((e) => {\n    let sum = 0;\n    if (e.homeTeamGoals > e.awayTeamGoals) sum += 1;\n    return sum;\n  }).reduce((sum, curr) => sum + curr, 0);\n\n  return result;\n};\n\nconst getHomeDraws = (team:number, matches:Match[]) => {\n  const result = matches.filter((e) => e.homeTeamId === team).map((e) => {\n    let sum = 0;\n    if (e.homeTeamGoals === e.awayTeamGoals) sum += 1;\n    return sum;\n  }).reduce((sum, curr) => sum + curr, 0);\n\n  return result;\n};\n\nconst getHomeLosses = (team:number, matches:Match[]) => {\n  const result = matches.filter((e) => e.homeTeamId === team).map((e) => {\n    let sum = 0;\n    if (e.homeTeamGoals < e.awayTeamGoals) sum += 1;\n    return sum;\n  }).reduce((ttl, curr) => ttl + curr, 0);\n\n  return result;\n};\n\nconst getHomeEfficiency = (points:number, games:number) => {\n  const result = (points / (games * 3)) * 100;\n\n  return Number(result.toFixed(2));\n};\n\nconst getHomeResults = (teamId:number, name:string, matches:Match[]) => {\n  // chama o metodo de getHomePoints e totalGames\n  const totalPoints = getHomePoints(teamId, matches);\n  const totalGames = getHomeGames(teamId, matches);\n  // chama o metodo de getHomeVictories, getHomeDraws, getHomeLosses\n  const totalVictories = getHomeVictories(teamId, matches);\n  const totalDraws = getHomeDraws(teamId, matches);\n  const totalLosses = getHomeLosses(teamId, matches);\n  // chama o metodo de getHomeGoalsFavor, getHomeGoalsOwn, getGoalsBalance\n  const goalsFavor = getHomeGoalsFavor(teamId, matches);\n  const goalsOwn = getHomeGoalsOwn(teamId, matches);\n  // chama o metodo de getAcuracy\n  const efficiency = getHomeEfficiency(totalPoints, totalGames);\n  return { name,\n    totalPoints,\n    totalGames,\n    totalVictories,\n    totalDraws,\n    totalLosses,\n    goalsFavor,\n    goalsOwn,\n    goalsBalance: goalsFavor - goalsOwn,\n    efficiency };\n};\n\nexport default getHomeResults;\n"]},"_coverageSchema":"1a1c01bbd47fc00a2c39e90264f33305004495a9","hash":"0078f76a8de96cec6bfbdf9c48f11a32fd00de46"},"/home/dev.itor/trybe-projetos/sd-023-b-trybe-futebol-clube/app/backend/src/utils/geralLeaderboard.ts":{"path":"/home/dev.itor/trybe-projetos/sd-023-b-trybe-futebol-clube/app/backend/src/utils/geralLeaderboard.ts","statementMap":{"0":{"start":{"line":2,"column":0},"end":{"line":2,"column":62}},"1":{"start":{"line":3,"column":26},"end":{"line":18,"column":1}},"2":{"start":{"line":4,"column":19},"end":{"line":16,"column":7}},"3":{"start":{"line":4,"column":40},"end":{"line":16,"column":5}},"4":{"start":{"line":17,"column":4},"end":{"line":17,"column":18}},"5":{"start":{"line":19,"column":0},"end":{"line":19,"column":36}}},"fnMap":{"0":{"name":"(anonymous_0)","decl":{"start":{"line":3,"column":26},"end":{"line":3,"column":27}},"loc":{"start":{"line":3,"column":61},"end":{"line":18,"column":1}},"line":3},"1":{"name":"(anonymous_1)","decl":{"start":{"line":4,"column":29},"end":{"line":4,"column":30}},"loc":{"start":{"line":4,"column":40},"end":{"line":16,"column":5}},"line":4}},"branchMap":{},"s":{"0":1,"1":1,"2":1,"3":16,"4":1,"5":1},"f":{"0":1,"1":16},"b":{},"inputSourceMap":{"version":3,"file":"/home/dev.itor/trybe-projetos/sd-023-b-trybe-futebol-clube/app/backend/src/utils/geralLeaderboard.ts","sources":["/home/dev.itor/trybe-projetos/sd-023-b-trybe-futebol-clube/app/backend/src/utils/geralLeaderboard.ts"],"names":[],"mappings":";;AAeA,MAAM,iBAAiB,GAAG,CAAC,KAAY,EAAE,UAAoB,EAAE,UAAoB,EAAE,EAAE;IACrF,MAAM,MAAM,GAAG,KAAK,CAAC,GAAG,CAAC,CAAC,CAAC,EAAE,CAAC,EAAE,EAAE,CAAC,CAAC;QAClC,IAAI,EAAE,CAAC,CAAC,QAAQ;QAChB,WAAW,EAAE,UAAU,CAAC,CAAC,CAAC,CAAC,WAAW,GAAG,UAAU,CAAC,CAAC,CAAC,CAAC,WAAW;QAClE,UAAU,EAAE,UAAU,CAAC,CAAC,CAAC,CAAC,UAAU,GAAG,UAAU,CAAC,CAAC,CAAC,CAAC,UAAU;QAC/D,cAAc,EAAE,UAAU,CAAC,CAAC,CAAC,CAAC,cAAc,GAAG,UAAU,CAAC,CAAC,CAAC,CAAC,cAAc;QAC3E,UAAU,EAAE,UAAU,CAAC,CAAC,CAAC,CAAC,UAAU,GAAG,UAAU,CAAC,CAAC,CAAC,CAAC,UAAU;QAC/D,WAAW,EAAE,UAAU,CAAC,CAAC,CAAC,CAAC,WAAW,GAAG,UAAU,CAAC,CAAC,CAAC,CAAC,WAAW;QAClE,UAAU,EAAE,UAAU,CAAC,CAAC,CAAC,CAAC,UAAU,GAAG,UAAU,CAAC,CAAC,CAAC,CAAC,UAAU;QAC/D,QAAQ,EAAE,UAAU,CAAC,CAAC,CAAC,CAAC,QAAQ,GAAG,UAAU,CAAC,CAAC,CAAC,CAAC,QAAQ;QACzD,YAAY,EAAE,UAAU,CAAC,CAAC,CAAC,CAAC,YAAY,GAAG,UAAU,CAAC,CAAC,CAAC,CAAC,YAAY;QACrE,UAAU,EAAE,MAAM,CAAC,CAAC,CAAC,CAAC,UAAU,CAAC,CAAC,CAAC,CAAC,WAAW,GAAG,UAAU,CAAC,CAAC,CAAC,CAAC,WAAW,CAAC;cACxE,CAAC,CAAC,UAAU,CAAC,CAAC,CAAC,CAAC,UAAU,GAAG,UAAU,CAAC,CAAC,CAAC,CAAC,UAAU,CAAC,GAAG,CAAC,CAAC,CAAC,GAAG,GAAG,CAAC,CAAC,OAAO,CAAC,CAAC,CAAC,CAAC;KACpF,CAAC,CAAC,CAAC;IAEJ,OAAO,MAAM,CAAC;AAChB,CAAC,CAAC;AAEF,kBAAe,iBAAiB,CAAC","sourcesContent":["import Team from '../database/models/Team';\n\ninterface IResult {\n  name: string;\n  totalPoints: number;\n  totalGames: number;\n  totalVictories: number;\n  totalDraws: number;\n  totalLosses: number;\n  goalsFavor: number;\n  goalsOwn: number;\n  goalsBalance: number;\n  efficiency: number;\n}\n\nconst getGeneralResults = (teams:Team[], resultHome:IResult[], resultAway:IResult[]) => {\n  const result = teams.map((e, i) => ({\n    name: e.teamName,\n    totalPoints: resultHome[i].totalPoints + resultAway[i].totalPoints,\n    totalGames: resultHome[i].totalGames + resultAway[i].totalGames,\n    totalVictories: resultHome[i].totalVictories + resultAway[i].totalVictories,\n    totalDraws: resultHome[i].totalDraws + resultAway[i].totalDraws,\n    totalLosses: resultHome[i].totalLosses + resultAway[i].totalLosses,\n    goalsFavor: resultHome[i].goalsFavor + resultAway[i].goalsFavor,\n    goalsOwn: resultHome[i].goalsOwn + resultAway[i].goalsOwn,\n    goalsBalance: resultHome[i].goalsBalance + resultAway[i].goalsBalance,\n    efficiency: Number((((resultHome[i].totalPoints + resultAway[i].totalPoints)\n      / ((resultHome[i].totalGames + resultAway[i].totalGames) * 3)) * 100).toFixed(2)),\n  }));\n\n  return result;\n};\n\nexport default getGeneralResults;\n"]},"_coverageSchema":"1a1c01bbd47fc00a2c39e90264f33305004495a9","hash":"6f136b73f43f5bf25445feb2d51ffa78b3c41e9e"},"/home/dev.itor/trybe-projetos/sd-023-b-trybe-futebol-clube/app/backend/src/routes/login.routes.ts":{"path":"/home/dev.itor/trybe-projetos/sd-023-b-trybe-futebol-clube/app/backend/src/routes/login.routes.ts","statementMap":{"0":{"start":{"line":2,"column":0},"end":{"line":2,"column":62}},"1":{"start":{"line":3,"column":18},"end":{"line":3,"column":36}},"2":{"start":{"line":4,"column":26},"end":{"line":4,"column":67}},"3":{"start":{"line":5,"column":26},"end":{"line":5,"column":66}},"4":{"start":{"line":6,"column":20},"end":{"line":6,"column":43}},"5":{"start":{"line":7,"column":0},"end":{"line":7,"column":67}},"6":{"start":{"line":8,"column":0},"end":{"line":8,"column":84}},"7":{"start":{"line":9,"column":0},"end":{"line":9,"column":30}}},"fnMap":{},"branchMap":{},"s":{"0":1,"1":1,"2":1,"3":1,"4":1,"5":1,"6":1,"7":1},"f":{},"b":{},"inputSourceMap":{"version":3,"file":"/home/dev.itor/trybe-projetos/sd-023-b-trybe-futebol-clube/app/backend/src/routes/login.routes.ts","sources":["/home/dev.itor/trybe-projetos/sd-023-b-trybe-futebol-clube/app/backend/src/routes/login.routes.ts"],"names":[],"mappings":";;AAAA,qCAAiC;AACjC,oEAA4D;AAC5D,mEAAoF;AAEpF,MAAM,WAAW,GAAG,IAAA,gBAAM,GAAE,CAAC;AAE7B,WAAW,CAAC,GAAG,CAAC,WAAW,EAAE,oCAAkB,CAAC,CAAC;AAEjD,WAAW,CAAC,IAAI,CAAC,GAAG,EAAE,yBAAc,EAAE,iCAAe,CAAC,CAAC;AAEvD,kBAAe,WAAW,CAAC","sourcesContent":["import { Router } from 'express';\nimport validateInputs from '../middlewares/loginMiddleware';\nimport { LoginController, ValidateController } from '../controller/loginController';\n\nconst LoginRouter = Router();\n\nLoginRouter.get('/validate', ValidateController);\n\nLoginRouter.post('/', validateInputs, LoginController);\n\nexport default Lo
[...]
IACtC,MAAM,QAAQ,GAAG,MAAM,iBAAiB,CAAC,WAAW,CAAC,EAAE,CAAC,CAAC;IAEzD,IAAI,CAAC,QAAQ;QAAE,OAAO,EAAE,cAAc,EAAE,GAAG,EAAE,QAAQ,EAAE,QAAQ,EAAE,CAAC;IAElE,OAAO,EAAE,cAAc,EAAE,GAAG,EAAE,QAAQ,EAAE,UAAU,EAAE,CAAC;AACvD,CAAC,CAAC;AAEqD,kCAAW","sourcesContent":["import * as matchesRepository from '../repository/matchesRepository';\n\nconst getAll = async () => {\n  const response = await matchesRepository.findAll();\n\n  return { httpStatusCode: 200, response };\n};\n\nconst getByQuery = async (q:string) => {\n  const bool = JSON.parse(q);\n\n  const response = await matchesRepository.findByQuery(bool);\n\n  return { httpStatusCode: 200, response };\n};\n\nconst createMatch = async (\n  homeTeamId:number,\n  awayTeamId:number,\n  homeTeamGoals:number,\n  awayTeamGoals: number,\n) => {\n  const response = await matchesRepository\n    .create(homeTeamId, awayTeamId, homeTeamGoals, awayTeamGoals);\n\n  return { httpStatusCode: 201, response };\n};\n\nconst updateMatch = async (id:number, homeTeamGoals:number, awayTeamGoals:number) => {\n  const response = await matchesRepository.updateMatch(id, homeTeamGoals, awayTeamGoals);\n\n  if (!response) return { httpStatusCode: 400, response: 'Failed' };\n\n  return { httpStatusCode: 200, response: '' };\n};\n\nconst finishMatch = async (id:number) => {\n  const response = await matchesRepository.finishMatch(id);\n\n  if (!response) return { httpStatusCode: 400, response: 'Failed' };\n\n  return { httpStatusCode: 200, response: 'Finished' };\n};\n\nexport { getAll, getByQuery, createMatch, updateMatch, finishMatch };\n"]},"_coverageSchema":"1a1c01bbd47fc00a2c39e90264f33305004495a9","hash":"ed747addbecb525474b221c48e7442a6f6e7be42"},"/home/dev.itor/trybe-projetos/sd-023-b-trybe-futebol-clube/app/backend/src/repository/matchesRepository.ts":{"path":"/home/dev.itor/trybe-projetos/sd-023-b-trybe-futebol-clube/app/backend/src/repository/matchesRepository.ts","statementMap":{"0":{"start":{"line":2,"column":0},"end":{"line":2,"column":62}},"1":{"start":{"line":3,"column":0},"end":{"line":3,"column":108}},"2":{"start":{"line":4,"column":15},"end":{"line":4,"column":49}},"3":{"start":{"line":5,"column":16},"end":{"line":5,"column":51}},"4":{"start":{"line":6,"column":16},"end":{"line":15,"column":1}},"5":{"start":{"line":7,"column":20},"end":{"line":13,"column":6}},"6":{"start":{"line":14,"column":4},"end":{"line":14,"column":19}},"7":{"start":{"line":16,"column":0},"end":{"line":16,"column":26}},"8":{"start":{"line":17,"column":20},"end":{"line":29,"column":1}},"9":{"start":{"line":18,"column":20},"end":{"line":27,"column":6}},"10":{"start":{"line":28,"column":4},"end":{"line":28,"column":19}},"11":{"start":{"line":30,"column":0},"end":{"line":30,"column":34}},"12":{"start":{"line":31,"column":15},"end":{"line":40,"column":1}},"13":{"start":{"line":32,"column":25},"end":{"line":38,"column":96}},"14":{"start":{"line":39,"column":4},"end":{"line":39,"column":24}},"15":{"start":{"line":41,"column":0},"end":{"line":41,"column":24}},"16":{"start":{"line":42,"column":20},"end":{"line":47,"column":1}},"17":{"start":{"line":43,"column":20},"end":{"line":45,"column":6}},"18":{"start":{"line":46,"column":4},"end":{"line":46,"column":19}},"19":{"start":{"line":48,"column":0},"end":{"line":48,"column":34}},"20":{"start":{"line":49,"column":20},"end":{"line":54,"column":1}},"21":{"start":{"line":50,"column":21},"end":{"line":52,"column":6}},"22":{"start":{"line":53,"column":4},"end":{"line":53,"column":20}},"23":{"start":{"line":55,"column":0},"end":{"line":55,"column":34}}},"fnMap":{"0":{"name":"(anonymous_0)","decl":{"start":{"line":6,"column":16},"end":{"line":6,"column":17}},"loc":{"start":{"line":6,"column":28},"end":{"line":15,"column":1}},"line":6},"1":{"name":"(anonymous_1)","decl":{"start":{"line":17,"column":20},"end":{"line":17,"column":21}},"loc":{"start":{"line":17,"column":33},"end":{"line":29,"column":1}},"line":17},"2":{"name":"(anonymous_2)","decl":{"start":{"line":31,"column":15},"end":{"line":31,"column":16}},"loc":{"start":{"line":31,"column":79},"end":{"line":40,"column":1}},"line":31},"3":{"name":"(anonymous_3)","decl":{"start":{"line":42,"column":20},"end":{"line":42,"column":21}},"loc":{"start":{"line":42,"column":64},"end":{"line":47,"column":1}},"line":42},"4":{"name":"(anonymous_4)","decl":{"start":{"line":49,"column":20},"end":{"line":49,"column":21}},"loc":{"start":{"line":49,"column":34},"end":{"line":54,"column":1}},"line":49}},"branchMap":{},"s":{"0":1,"1":1,"2":1,"3":1,"4":1,"5":1,"6":1,"7":1,"8":1,"9":1,"10":1,"11":1,"12":1,"13":1,"14":1,"15":1,"16":1,"17":1,"18":1,"19":1,"20":1,"21":1,"22":1,"23":1},"f":{"0":1,"1":1,"2":1,"3":1,"4":1},"b":{},"inputSourceMap":{"version":3,"file":"/home/dev.itor/trybe-projetos/sd-023-b-trybe-futebol-clube/app/backend/src/repository/matchesRepository.ts","sources":["/home/dev.itor/trybe-projetos/sd-023-b-trybe-futebol-clube/app/backend/src/repository/matchesRepository.ts"],"names":[],"mappings":";;;AAAA,kDAA2C;AAC3C,oDAA6C;AAE7C,MAAM,OAAO,GAAG,KAAK,IAAI,EAAE;IACzB,MAAM,OAAO,GAAG,MAAM,eAAK,CAAC,OAAO,CACjC;QACE,UAAU,EAAE,EAAE,OAAO,EAAE,CAAC,cAAc,EAAE,cAAc,CAAC,EAAE;QACzD,OAAO,EAAE;YACP,EAAE,KAAK,EAAE,cAAI,EAAE,EAAE,EAAE,UAAU,EAAE,UAAU,EAAE,CAAC,UAAU,CAAC,EAAE;YACzD,EAAE,KAAK,EAAE,cAAI,EAAE,EAAE,EAAE,UAAU,EAAE,UAAU,EAAE,CAAC,UAAU,CAAC,EAAE;SAC1D;KACF,CACF,CAAC;IAEF,OAAO,OAAO,CAAC;AACjB,CAAC,CAAC;AAqDO,0BAAO;AAnDhB,MAAM,WAAW,GAAG,KAAK,EAAE,CAAS,EAAE,EAAE;IACtC,MAAM,OAAO,GAAG,MAAM,eAAK,CAAC,OAAO,CAAC;QAClC,UAAU,EAAE,EAAE,OAAO,EAAE,CAAC,cAAc,EAAE,cAAc,CAAC,EAAE;QACzD,KAAK,EAAE;YACL,UAAU,EAAE,CAAC;SACd;QACD,OAAO,EAAE;YACP,EAAE,KAAK,EAAE,cAAI,EAAE,EAAE,EAAE,UAAU,EAAE,UAAU,EAAE,CAAC,UAAU,CAAC,EAAE;YACzD,EAAE,KAAK,EAAE,cAAI,EAAE,EAAE,EAAE,UAAU,EAAE,UAAU,EAAE,CAAC,UAAU,CAAC,EAAE;SAC1D;KACF,CAAC,CAAC;IAEH,OAAO,OAAO,CAAC;AACjB,CAAC,CAAC;AAsCgB,kCAAW;AApC7B,MAAM,MAAM,GAAG,KAAK,EAClB,UAAiB,EACjB,UAAiB,EACjB,aAAoB,EACpB,aAAqB,EACrB,EAAE;IACF,MAAM,YAAY,GAAG,MAAM,eAAK,CAAC,MAAM,CACrC;QACE,UAAU;QACV,UAAU;QACV,aAAa;QACb,aAAa;QACb,UAAU,EAAE,IAAI;KACjB,EACD,EAAE,MAAM,EAAE,CAAC,YAAY,EAAE,YAAY,EAAE,eAAe,EAAE,eAAe,EAAE,YAAY,CAAC,EAAE,CACzF,CAAC;IAEF,OAAO,YAAY,CAAC;AACtB,CAAC,CAAC;AAkB6B,wBAAM;AAhBrC,MAAM,WAAW,GAAG,KAAK,EAAE,EAAS,EAAE,aAAoB,EAAE,aAAoB,EAAE,EAAE;IAClF,MAAM,OAAO,GAAG,MAAM,eAAK,CAAC,MAAM,CAAC,EAAE,aAAa,EAAE,aAAa,EAAE,EAAE;QACnE,KAAK,EAAE,EAAE,EAAE,EAAE;KACd,CAAC,CAAC;IAEH,OAAO,OAAO,CAAC;AACjB,CAAC,CAAC;AAUqC,kCAAW;AARlD,MAAM,WAAW,GAAG,KAAK,EAAE,EAAS,EAAE,EAAE;IACtC,MAAM,QAAQ,GAAG,MAAM,eAAK,CAAC,MAAM,CAAC,EAAE,UAAU,EAAE,KAAK,EAAE,EAAE;QACzD,KAAK,EAAE,EAAE,EAAE,EAAE;KACd,CAAC,CAAC;IAEH,OAAO,QAAQ,CAAC;AAClB,CAAC,CAAC;AAEkD,kCAAW","sourcesContent":["import Team from '../database/models/Team';\nimport Match from '../database/models/Match';\n\nconst findAll = async () => {\n  const matches = await Match.findAll(\n    {\n      attributes: { exclude: ['home_team_id', 'away_team_id'] },\n      include: [\n        { model: Team, as: 'homeTeam', attributes: ['teamName'] },\n        { model: Team, as: 'awayTeam', attributes: ['teamName'] },\n      ],\n    },\n  );\n\n  return matches;\n};\n\nconst findByQuery = async (q:boolean) => {\n  const matches = await Match.findAll({\n    attributes: { exclude: ['home_team_id', 'away_team_id'] },\n    where: {\n      inProgress: q,\n    },\n    include: [\n      { model: Team, as: 'homeTeam', attributes: ['teamName'] },\n      { model: Team, as: 'awayTeam', attributes: ['teamName'] },\n    ],\n  });\n\n  return matches;\n};\n\nconst create = async (\n  homeTeamId:number,\n  awayTeamId:number,\n  homeTeamGoals:number,\n  awayTeamGoals: number,\n) => {\n  const createdMatch = await Match.create(\n    {\n      homeTeamId,\n      awayTeamId,\n      homeTeamGoals,\n      awayTeamGoals,\n      inProgress: true,\n    },\n    { fields: ['homeTeamId', 'awayTeamId', 'homeTeamGoals', 'awayTeamGoals', 'inProgress'] },\n  );\n\n  return createdMatch;\n};\n\nconst updateMatch = async (id:number, homeTeamGoals:number, awayTeamGoals:number) => {\n  const updated = await Match.update({ homeTeamGoals, awayTeamGoals }, {\n    where: { id },\n  });\n\n  return updated;\n};\n\nconst finishMatch = async (id:number) => {\n  const finished = await Match.update({ inProgress: false }, {\n    where: { id },\n  });\n\n  return finished;\n};\n\nexport { findAll, findByQuery, create, updateMatch, finishMatch };\n"]},"_coverageSchema":"1a1c01bbd47fc00a2c39e90264f33305004495a9","hash":"2c0fac4d1bbc2dbfbfed08d8d4ae8b8ec0762384"},"/home/dev.itor/trybe-projetos/sd-023-b-trybe-futebol-clube/app/backend/src/routes/teams.routes.ts":{"path":"/home/dev.itor/trybe-projetos/sd-023-b-trybe-futebol-clube/app/backend/src/routes/teams.routes.ts","statementMap":{"0":{"start":{"line":2,"column":0},"end":{"line":2,"column":62}},"1":{"start":{"line":3,"column":18},"end":{"line":3,"column":36}},"2":{"start":{"line":4,"column":24},"end":{"line":4,"column":64}},"3":{"start":{"line":5,"column":20},"end":{"line":5,"column":43}},"4":{"start":{"line":6,"column":0},"end":{"line":6,"column":45}},"5":{"start":{"line":7,"column":0},"end":{"line":7,"column":49}},"6":{"start":{"line":8,"column":0},"end":{"line":8,"column":30}}},"fnMap":{},"branchMap":{},"s":{"0":1,"1":1,"2":1,"3":1,"4":1,"5":1,"6":1},"f":{},"b":{},"inputSourceMap":{"version":3,"file":"/home/dev.itor/trybe-projetos/sd-023-b-trybe-futebol-clube/app/backend/src/routes/teams.routes.ts","sources":["/home/dev.itor/trybe-projetos/sd-023-b-trybe-futebol-clube/app/backend/src/routes/teams.routes.ts"],"names":[],"mappings":";;AAAA,qCAAiC;AACjC,iEAAiE;AAEjE,MAAM,WAAW,GAAG,IAAA,gBAAM,GAAE,CAAC;AAE7B,WAAW,CAAC,GAAG,CAAC,GAAG,EAAE,eAAe,CAAC,MAAM,CAAC,CAAC;AAE7C,WAAW,CAAC,GAAG,CAAC,MAAM,EAAE,eAAe,CAAC,OAAO,CAAC,CAAC;AAEjD,kBAAe,WAAW,CAAC","sourcesContent":["import { Router } from 'express';\nimport * as teamsController from '../controller/teamsController';\n\nconst TeamsRouter = Router();\n\nTeamsRouter.get('/', teamsController.getAll);\n\nTeamsRouter.get('/:id', teamsController.getById);\n\nexport default TeamsRouter;\n"]},"_coverageSchema":"1a1c01bbd47fc00a2c39e90264f33305004495a9","hash":"a3d936bfc616f9ff7660a41dc6a79ed91bc908fc"},"/home/dev.itor/trybe-projetos/sd-023-b-trybe-futebol-clube/app/backend/src/controller/teamsController.ts":{"path":"/home/dev.itor/trybe-projetos/sd-023-b-trybe-futebol-clube/app/backend/src/controller/teamsController.ts","statementMap":{"0":{"start":{"line":2,"column":0},"end":{"line":2,"column":62}},"1":{"start":{"line":3,"column":0},"end":{"line":3,"column":42}},"2":{"start":{"line":4,"column":21},"end":{"line":4,"column":55}},"3":{"start":{"line":5,"column":15},"end":{"line":13,"column":1}},"4":{"start":{"line":6,"column":4},"end":{"line":12,"column":5}},"5":{"start":{"line":7,"column":45},"end":{"line":7,"column":72}},"6":{"start":{"line":8,"column":8},"end":{"line":8,"column":57}},"7":{"start":{"line":11,"column":8},"end":{"line":11,"column":43}},"8":{"start":{"line":14,"column":0},"end":{"line":14,"column":24}},"9":{"start":{"line":15,"column":16},"end":{"line":24,"column":1}},"10":{"start":{"line":16,"column":19},"end":{"line":16,"column":29}},"11":{"start":{"line":17,"column":4},"end":{"line":23,"column":5}},"12":{"start":{"line":18,"column":45},"end":{"line":18,"column":83}},"13":{"start":{"line":19,"column":8},"end":{"line":19,"column":57}},"14":{"start":{"line":22,"column":8},"end":{"line":22,"column":43}},"15":{"start":{"line":25,"column":0},"end":{"line":25,"column":26}}},"fnMap":{"0":{"name":"(anonymous_0)","decl":{"start":{"line":5,"column":15},"end":{"line":5,"column":16}},"loc":{"start":{"line":5,"column":36},"end":{"line":13,"column":1}},"line":5},"1":{"name":"(anonymous_1)","decl":{"start":{"line":15,"column":16},"end":{"line":15,"column":17}},"loc":{"start":{"line":15,"column":36},"end":{"line":24,"column":1}},"line":15}},"branchMap":{},"s":{"0":1,"1":1,"2":1,"3":1,"4":1,"5":1,"6":1,"7":0,"8":1,"9":1,"10":2,"11":2,"12":2,"13":2,"14":0,"15":1},"f":{"0":1,"1":2},"b":{},"inputSourceMap":{"version":3,"file":"/home/dev.itor/trybe-projetos/sd-023-b-trybe-futebol-clube/app/backend/src/controller/teamsController.ts","sources":["/home/dev.itor/trybe-projetos/sd-023-b-trybe-futebol-clube/app/backend/src/controller/teamsController.ts"],"names":[],"mappings":";;;AACA,wDAAwD;AAExD,MAAM,MAAM,GAAG,KAAK,EAAE,IAAa,EAAE,GAAa,EAAE,EAAE;IACpD,IAAI;QACF,MAAM,EAAE,cAAc,EAAE,QAAQ,EAAE,GAAG,MAAM,YAAY,CAAC,MAAM,EAAE,CAAC;QAEjE,OAAO,GAAG,CAAC,MAAM,CAAC,cAAc,CAAC,CAAC,IAAI,CAAC,QAAQ,CAAC,CAAC;KAClD;IAAC,OAAO,KAAK,EAAE;QACd,OAAO,GAAG,CAAC,MAAM,CAAC,GAAG,CAAC,CAAC,IAAI,CAAC,KAAK,CAAC,CAAC;KACpC;AACH,CAAC,CAAC;AAcO,wBAAM;AAZf,MAAM,OAAO,GAAG,KAAK,EAAE,GAAY,EAAE,GAAa,EAAE,EAAE;IACpD,MAAM,EAAE,EAAE,EAAE,GAAG,GAAG,CAAC,MAAM,CAAC;IAE1B,IAAI;QACF,MAAM,EAAE,cAAc,EAAE,QAAQ,EAAE,GAAG,MAAM,YAAY,CAAC,OAAO,CAAC,MAAM,CAAC,EAAE,CAAC,CAAC,CAAC;QAE5E,OAAO,GAAG,CAAC,MAAM,CAAC,cAAc,CAAC,CAAC,IAAI,CAAC,QAAQ,CAAC,CAAC;KAClD;IAAC,OAAO,KAAK,EAAE;QACd,OAAO,GAAG,CAAC,MAAM,CAAC,GAAG,CAAC,CAAC,IAAI,CAAC,KAAK,CAAC,CAAC;KACpC;AACH,CAAC,CAAC;AAEe,0BAAO","sourcesContent":["import { Request, Response } from 'express';\nimport * as teamsService from '../service/teamsService';\n\nconst getAll = async (_req: Request, res: Response) => {\n  try {\n    const { httpStatusCode, response } = await teamsService.getAll();\n\n    return res.status(httpStatusCode).json(response);\n  } catch (error) {\n    return res.status(500).json(error);\n  }\n};\n\nconst getById = async (req: Request, res: Response) => {\n  const { id } = req.params;\n\n  try {\n    const { httpStatusCode, response } = await teamsService.getById(Number(id));\n\n    return res.status(httpStatusCode).json(response);\n  } catch (error) {\n    return res.status(500).json(error);\n  }\n};\n\nexport { getAll, getById };\n"]},"_coverageSchema":"1a1c01bbd47fc00a2c39e90264f33305004495a9","hash":"4f5a829692cb727b44d43f7c565060a4938bb297"},"/home/dev.itor/trybe-projetos/sd-023-b-trybe-futebol-clube/app/backend/src/service/teamsService.ts":{"path":"/home/dev.itor/trybe-projetos/sd-023-b-trybe-futebol-clube/app/backend/src/service/teamsService.ts","statementMap":{"0":{"start":{"line":2,"column":0},"end":{"line":2,"column":62}},"1":{"start":{"line":3,"column":0},"end":{"line":3,"column":42}},"2":{"start":{"line":4,"column":24},"end":{"line":4,"column":64}},"3":{"start":{"line":5,"column":15},"end":{"line":10,"column":1}},"4":{"start":{"line":6,"column":21},"end":{"line":6,"column":52}},"5":{"start":{"line":7,"column":4},"end":{"line":8,"column":62}},"6":{"start":{"line":8,"column":8},"end":{"line":8,"column":62}},"7":{"start":{"line":9,"column":4},"end":{"line":9,"column":45}},"8":{"start":{"line":11,"column":0},"end":{"line":11,"column":24}},"9":{"start":{"line":12,"column":16},"end":{"line":17,"column":1}},"10":{"start":{"line":13,"column":21},"end":{"line":13,"column":55}},"11":{"start":{"line":14,"column":4},"end":{"line":15,"column":62}},"12":{"start":{"line":15,"column":8},"end":{"line":15,"column":62}},"13":{"start":{"line":16,"column":4},"end":{"line":16,"column":45}},"14":{"start":{"line":18,"column":0},"end":{"line":18,"column":26}}},"fnMap":{"0":{"name":"(anonymous_0)","decl":{"start":{"line":5,"column":15},"end":{"line":5,"column":16}},"loc":{"start":{"line":5,"column":27},"end":{"line":10,"column":1}},"line":5},"1":{"name":"(anonymous_1)","decl":{"start":{"line":12,"column":16},"end":{"line":12,"column":17}},"loc":{"start":{"line":12,"column":30},"end":{"line":17,"column":1}},"line":12}},"branchMap":{"0":{"loc":{"start":{"line":7,"column":4},"end":{"line":8,"column":62}},"type":"if","locations":[{"start":{"line":7,"column":4},"end":{"line":8,"column":62}},{"start":{"line":7,"column":4},"end":{"line":8,"column":62}}],"line":7},"1":{"loc":{"start":{"line":14,"column":4},"end":{"line":15,"column":62}},"type":"if","locations":[{"start":{"line":14,"column":4},"end":{"line":15,"column":62}},{"start":{"line":14,"column":4},"end":{"line":15,"column":62}}],"line":14}},"s":{"0":1,"1":1,"2":1,"3":1,"4":1,"5":1,"6":0,"7":1,"8":1,"9":1,"10":2,"11":2,"12":1,"13":1,"14":1},"f":{"0":1,"1":2},"b":{"0":[0,1],"1":[1,1]},"inputSourceMap":{"version":3,"file":"/home/dev.itor/trybe-projetos/sd-023-b-trybe-futebol-clube/app/backend/src/service/teamsService.ts","sources":["/home/dev.itor/trybe-projetos/sd-023-b-trybe-futebol-clube/app/backend/src/service/teamsService.ts"],"names":[],"mappings":";;;AAAA,iEAAiE;AAEjE,MAAM,MAAM,GAAG,KAAK,IAAI,EAAE;IACxB,MAAM,QAAQ,GAAG,MAAM,eAAe,CAAC,OAAO,EAAE,CAAC;IAEjD,IAAI,CAAC,QAAQ;QAAE,OAAO,EAAE,cAAc,EAAE,GAAG,EAAE,QAAQ,EAAE,WAAW,EAAE,CAAC;IAErE,OAAO,EAAE,cAAc,EAAE,GAAG,EAAE,QAAQ,EAAE,CAAC;AAC3C,CAAC,CAAC;AAUO,wBAAM;AARf,MAAM,OAAO,GAAG,KAAK,EAAE,EAAS,EAAE,EAAE;IAClC,MAAM,QAAQ,GAAG,MAAM,eAAe,CAAC,QAAQ,CAAC,EAAE,CAAC,CAAC;IAEpD,IAAI,CAAC,QAAQ;QAAE,OAAO,EAAE,cAAc,EAAE,GAAG,EAAE,QAAQ,EAAE,WAAW,EAAE,CAAC;IAErE,OAAO,EAAE,cAAc,EAAE,GAAG,EAAE,QAAQ,EAAE,CAAC;AAC3C,CAAC,CAAC;AAEe,0BAAO","sourcesContent":["import * as teamsRepository from '../repository/teamsRepository';\n\nconst getAll = async () => {\n  const response = await teamsRepository.findAll();\n\n  if (!response) return { httpStatusCode: 404, response: 'Not found' };\n\n  return { httpStatusCode: 200, response };\n};\n\nconst getById = async (id:number) => {\n  const response = await teamsRepository.findById(id);\n\n  if (!response) return { httpStatusCode: 404, response: 'Not found' };\n\n  return { httpStatusCode: 200, response };\n};\n\nexport { getAll, getById };\n"]},"_coverageSchema":"1a1c01bbd47fc00a2c39e90264f33305004495a9","hash":"a80a687b675ee2bc38e56775adec007f0a3d23f9"},"/home/dev.itor/trybe-projetos/sd-023-b-trybe-futebol-clube/app/backend/src/repository/teamsRepository.ts":{"path":"/home/dev.itor/trybe-projetos/sd-023-b-trybe-futebol-clube/app/backend/src/repository/teamsRepository.ts","statementMap":{"0":{"start":{"line":2,"column":0},"end":{"line":2,"column":62}},"1":{"start":{"line":3,"column":0},"end":{"line":3,"column":44}},"2":{"start":{"line":4,"column":15},"end":{"line":4,"column":49}},"3":{"start":{"line":5,"column":16},"end":{"line":8,"column":1}},"4":{"start":{"line":6,"column":18},"end":{"line":6,"column":48}},"5":{"start":{"line":7,"column":4},"end":{"line":7,"column":17}},"6":{"start":{"line":9,"column":0},"end":{"line":9,"column":26}},"7":{"start":{"line":10,"column":17},"end":{"line":13,"column":1}},"8":{"start":{"line":11,"column":17},"end":{"line":11,"column":64}},"9":{"start":{"line":12,"column":4},"end":{"line":12,"column":16}},"10":{"start":{"line":14,"column":0},"end":{"line":14,"column":28}}},"fnMap":{"0":{"name":"(anonymous_0)","decl":{"start":{"line":5,"column":16},"end":{"line":5,"column":17}},"loc":{"start":{"line":5,"column":28},"end":{"line":8,"column":1}},"line":5},"1":{"name":"(anonymous_1)","decl":{"start":{"line":10,"column":17},"end":{"line":10,"column":18}},"loc":{"start":{"line":10,"column":31},"end":{"line":13,"column":1}},"line":10}},"branchMap":{},"s":{"0":1,"1":1,"2":1,"3":1,"4":1,"5":1,"6":1,"7":1,"8":2,"9":2,"10":1},"f":{"0":1,"1":2},"b":{},"inputSourceMap":{"version":3,"file":"/home/dev.itor/trybe-projetos/sd-023-b-trybe-futebol-clube/app/backend/src/repository/teamsRepository.ts","sources":["/home/dev.itor/trybe-projetos/sd-023-b-trybe-futebol-clube/app/backend/src/repository/teamsRepository.ts"],"names":[],"mappings":";;;AAAA,kDAA2C;AAE3C,MAAM,OAAO,GAAG,KAAK,IAAI,EAAE;IACzB,MAAM,KAAK,GAAG,MAAM,cAAI,CAAC,OAAO,EAAE,CAAC;IAEnC,OAAO,KAAK,CAAC;AACf,CAAC,CAAC;AAQO,0BAAO;AANhB,MAAM,QAAQ,GAAG,KAAK,EAAE,EAAU,EAAE,EAAE;IACpC,MAAM,IAAI,GAAG,MAAM,cAAI,CAAC,OAAO,CAAC,EAAE,KAAK,EAAE,EAAE,EAAE,EAAE,EAAE,CAAC,CAAC;IAEnD,OAAO,IAAI,CAAC;AACd,CAAC,CAAC;AAEgB,4BAAQ","sourcesContent":["import Team from '../database/models/Team';\n\nconst findAll = async () => {\n  const teams = await Team.findAll();\n\n  return teams;\n};\n\nconst findById = async (id: number) => {\n  const team = await Team.findOne({ where: { id } });\n\n  return team;\n};\n\nexport { findAll, findById };\n"]},"_coverageSchema":"1a1c01bbd47fc00a2c39e90264f33305004495a9","hash":"556a6355787712d9943039a012cb43e725349861"}}